<?xml version="1.0" encoding="UTF-8"?>
<testsuites name="jest tests" tests="2310" failures="0" errors="0" time="10.081">
  <testsuite name="useCredentials hooks" errors="0" failures="0" skipped="0" timestamp="2026-03-31T10:24:13" time="1.456" tests="14">
    <testcase classname="useCredentials hooks useCredentials fetches credentials for the connected address" name="useCredentials hooks useCredentials fetches credentials for the connected address" time="0.089">
    </testcase>
    <testcase classname="useCredentials hooks useCredentials passes status filter to the query" name="useCredentials hooks useCredentials passes status filter to the query" time="0.009">
    </testcase>
    <testcase classname="useCredentials hooks useCredentials does not fetch when address is undefined" name="useCredentials hooks useCredentials does not fetch when address is undefined" time="0.009">
    </testcase>
    <testcase classname="useCredentials hooks useCredentials includes correct query key with status" name="useCredentials hooks useCredentials includes correct query key with status" time="0.016">
    </testcase>
    <testcase classname="useCredentials hooks useCredentialDetails fetches credential detail from API and on-chain hash" name="useCredentials hooks useCredentialDetails fetches credential detail from API and on-chain hash" time="0.061">
    </testcase>
    <testcase classname="useCredentials hooks useCredentialDetails returns isIntegrityValid false when hashes do not match" name="useCredentials hooks useCredentialDetails returns isIntegrityValid false when hashes do not match" time="0.056">
    </testcase>
    <testcase classname="useCredentials hooks useCredentialDetails returns isIntegrityValid undefined when data is not yet loaded" name="useCredentials hooks useCredentialDetails returns isIntegrityValid undefined when data is not yet loaded" time="0.002">
    </testcase>
    <testcase classname="useCredentials hooks useCredentialDetails does not fetch when credentialId is undefined" name="useCredentials hooks useCredentialDetails does not fetch when credentialId is undefined" time="0.001">
    </testcase>
    <testcase classname="useCredentials hooks useCredentialDetails exposes isHashLoading from on-chain read" name="useCredentials hooks useCredentialDetails exposes isHashLoading from on-chain read" time="0.001">
    </testcase>
    <testcase classname="useCredentials hooks useRequestCredential submits a credential request and shows success toast" name="useCredentials hooks useRequestCredential submits a credential request and shows success toast" time="0.003">
    </testcase>
    <testcase classname="useCredentials hooks useRequestCredential shows error toast on request failure" name="useCredentials hooks useRequestCredential shows error toast on request failure" time="0.002">
    </testcase>
    <testcase classname="useCredentials hooks useRevokeCredential revokes a credential on-chain and notifies API" name="useCredentials hooks useRevokeCredential revokes a credential on-chain and notifies API" time="0.002">
    </testcase>
    <testcase classname="useCredentials hooks useRevokeCredential shows error toast on revocation failure" name="useCredentials hooks useRevokeCredential shows error toast on revocation failure" time="0.002">
    </testcase>
    <testcase classname="useCredentials hooks useRevokeCredential handles API notification failure after on-chain revocation" name="useCredentials hooks useRevokeCredential handles API notification failure after on-chain revocation" time="0.001">
    </testcase>
  </testsuite>
  <testsuite name="useAttestationStatus" errors="0" failures="0" skipped="0" timestamp="2026-03-31T10:24:13" time="1.632" tests="13">
    <testcase classname="useAttestationStatus fetches attestation data from API when enclaveId is provided" name="useAttestationStatus fetches attestation data from API when enclaveId is provided" time="0.111">
    </testcase>
    <testcase classname="useAttestationStatus returns isAttested=true when on-chain status is verified" name="useAttestationStatus returns isAttested=true when on-chain status is verified" time="0.004">
    </testcase>
    <testcase classname="useAttestationStatus returns isExpired=true when on-chain status is expired" name="useAttestationStatus returns isExpired=true when on-chain status is expired" time="0.001">
    </testcase>
    <testcase classname="useAttestationStatus returns isAttested=false when no on-chain data" name="useAttestationStatus returns isAttested=false when no on-chain data" time="0.001">
    </testcase>
    <testcase classname="useAttestationStatus does not fetch when enclaveId is undefined" name="useAttestationStatus does not fetch when enclaveId is undefined" time="0.001">
    </testcase>
    <testcase classname="useVerifyAttestation shows success toast when attestation is valid" name="useVerifyAttestation shows success toast when attestation is valid" time="0.007">
    </testcase>
    <testcase classname="useVerifyAttestation shows error toast when attestation is invalid" name="useVerifyAttestation shows error toast when attestation is invalid" time="0.006">
    </testcase>
    <testcase classname="useVerifyAttestation shows error toast on network failure" name="useVerifyAttestation shows error toast on network failure" time="0.008">
    </testcase>
    <testcase classname="useTEENodes fetches active TEE nodes by default" name="useTEENodes fetches active TEE nodes by default" time="0.058">
    </testcase>
    <testcase classname="useTEENodes fetches all nodes when activeOnly=false" name="useTEENodes fetches all nodes when activeOnly=false" time="0.06">
    </testcase>
    <testcase classname="useNodeHealth fetches node health by nodeId" name="useNodeHealth fetches node health by nodeId" time="0.074">
    </testcase>
    <testcase classname="useNodeHealth is disabled when nodeId is undefined" name="useNodeHealth is disabled when nodeId is undefined" time="0.006">
    </testcase>
    <testcase classname="useTEENetworkStatus fetches TEE network status" name="useTEENetworkStatus fetches TEE network status" time="0.062">
    </testcase>
  </testsuite>
  <testsuite name="useAudit" errors="0" failures="0" skipped="0" timestamp="2026-03-31T10:24:13" time="1.741" tests="17">
    <testcase classname="useAudit returns auditLog array and total from useAuditLog data" name="useAudit returns auditLog array and total from useAuditLog data" time="0.088">
    </testcase>
    <testcase classname="useAudit returns empty array when data is undefined" name="useAudit returns empty array when data is undefined" time="0.002">
    </testcase>
    <testcase classname="useAuditLog fetches audit log for connected address" name="useAuditLog fetches audit log for connected address" time="0.06">
    </testcase>
    <testcase classname="useAuditLog applies filter parameters to URL" name="useAuditLog applies filter parameters to URL" time="0.056">
    </testcase>
    <testcase classname="useAuditLog uses default page=1 and pageSize=50" name="useAuditLog uses default page=1 and pageSize=50" time="0.056">
    </testcase>
    <testcase classname="useAuditLog is disabled when no address" name="useAuditLog is disabled when no address" time="0.014">
    </testcase>
    <testcase classname="useAuditLog applies entityId and date filters to URL" name="useAuditLog applies entityId and date filters to URL" time="0.081">
    </testcase>
    <testcase classname="useCredentialAudit fetches credential audit trail" name="useCredentialAudit fetches credential audit trail" time="0.06">
    </testcase>
    <testcase classname="useCredentialAudit is disabled when credentialId is undefined" name="useCredentialAudit is disabled when credentialId is undefined" time="0.002">
    </testcase>
    <testcase classname="useVerificationAudit fetches verification audit trail" name="useVerificationAudit fetches verification audit trail" time="0.054">
    </testcase>
    <testcase classname="useVerificationAudit is disabled when verificationId is undefined" name="useVerificationAudit is disabled when verificationId is undefined" time="0.003">
    </testcase>
    <testcase classname="useIdentityActivitySummary fetches activity summary for connected address" name="useIdentityActivitySummary fetches activity summary for connected address" time="0.057">
    </testcase>
    <testcase classname="useIdentityActivitySummary is disabled when no address" name="useIdentityActivitySummary is disabled when no address" time="0.004">
    </testcase>
    <testcase classname="exportAuditLog exports JSON audit log and triggers download" name="exportAuditLog exports JSON audit log and triggers download" time="0.001">
    </testcase>
    <testcase classname="exportAuditLog exports CSV audit log" name="exportAuditLog exports CSV audit log" time="0.002">
    </testcase>
    <testcase classname="exportAuditLog shows error toast on failure" name="exportAuditLog shows error toast on failure" time="0">
    </testcase>
    <testcase classname="exportAuditLog applies entityType and date range filters to URL" name="exportAuditLog applies entityType and date range filters to URL" time="0.001">
    </testcase>
  </testsuite>
  <testsuite name="AgentDelegationGraph" errors="0" failures="0" skipped="0" timestamp="2026-03-31T10:24:13" time="1.854" tests="30">
    <testcase classname="AgentDelegationGraph renders loading state" name="AgentDelegationGraph renders loading state" time="0.048">
    </testcase>
    <testcase classname="AgentDelegationGraph renders error state" name="AgentDelegationGraph renders error state" time="0.003">
    </testcase>
    <testcase classname="AgentDelegationGraph renders with default mock data when no props provided" name="AgentDelegationGraph renders with default mock data when no props provided" time="0.149">
    </testcase>
    <testcase classname="AgentDelegationGraph renders with provided nodes and edges" name="AgentDelegationGraph renders with provided nodes and edges" time="0.014">
    </testcase>
    <testcase classname="AgentDelegationGraph displays node names" name="AgentDelegationGraph displays node names" time="0.006">
    </testcase>
    <testcase classname="AgentDelegationGraph displays node statuses" name="AgentDelegationGraph displays node statuses" time="0.008">
    </testcase>
    <testcase classname="AgentDelegationGraph shows zoom percentage" name="AgentDelegationGraph shows zoom percentage" time="0.011">
    </testcase>
    <testcase classname="AgentDelegationGraph renders legend items" name="AgentDelegationGraph renders legend items" time="0.008">
    </testcase>
    <testcase classname="AgentDelegationGraph calls onNodeClick when a node is clicked" name="AgentDelegationGraph calls onNodeClick when a node is clicked" time="0.053">
    </testcase>
    <testcase classname="AgentDelegationGraph shows detail panel when node is selected" name="AgentDelegationGraph shows detail panel when node is selected" time="0.011">
    </testcase>
    <testcase classname="AgentDelegationGraph closes detail panel when close button is clicked" name="AgentDelegationGraph closes detail panel when close button is clicked" time="0.076">
    </testcase>
    <testcase classname="AgentDelegationGraph applies custom className" name="AgentDelegationGraph applies custom className" time="0.003">
    </testcase>
    <testcase classname="AgentDelegationGraph handles mouse down/move/up for panning" name="AgentDelegationGraph handles mouse down/move/up for panning" time="0.023">
    </testcase>
    <testcase classname="AgentDelegationGraph ignores non-left mouse button for panning" name="AgentDelegationGraph ignores non-left mouse button for panning" time="0.011">
    </testcase>
    <testcase classname="AgentDelegationGraph does not pan when not dragging" name="AgentDelegationGraph does not pan when not dragging" time="0.014">
    </testcase>
    <testcase classname="AgentDelegationGraph handles zoom in button click" name="AgentDelegationGraph handles zoom in button click" time="0.007">
    </testcase>
    <testcase classname="AgentDelegationGraph handles zoom out button click" name="AgentDelegationGraph handles zoom out button click" time="0.008">
    </testcase>
    <testcase classname="AgentDelegationGraph handles zoom reset button click" name="AgentDelegationGraph handles zoom reset button click" time="0.009">
    </testcase>
    <testcase classname="AgentDelegationGraph zoom in caps at 200%" name="AgentDelegationGraph zoom in caps at 200%" time="0.019">
    </testcase>
    <testcase classname="AgentDelegationGraph zoom out caps at 40%" name="AgentDelegationGraph zoom out caps at 40%" time="0.071">
    </testcase>
    <testcase classname="AgentDelegationGraph deselects a node when clicked again" name="AgentDelegationGraph deselects a node when clicked again" time="0.011">
    </testcase>
    <testcase classname="AgentDelegationGraph handles mouseLeave to stop dragging" name="AgentDelegationGraph handles mouseLeave to stop dragging" time="0.007">
    </testcase>
    <testcase classname="AgentDelegationGraph renders detail panel with expiresAt info" name="AgentDelegationGraph renders detail panel with expiresAt info" time="0.012">
    </testcase>
    <testcase classname="AgentDelegationGraph renders detail panel without expiresAt for nodes that lack it" name="AgentDelegationGraph renders detail panel without expiresAt for nodes that lack it" time="0.028">
    </testcase>
    <testcase classname="AgentDelegationGraph renders with a single node (no edges)" name="AgentDelegationGraph renders with a single node (no edges)" time="0.004">
    </testcase>
    <testcase classname="AgentDelegationGraph handles edge with missing from/to nodes gracefully" name="AgentDelegationGraph handles edge with missing from/to nodes gracefully" time="0.016">
    </testcase>
    <testcase classname="AgentDelegationGraph renders edges with empty capabilities when not highlighted" name="AgentDelegationGraph renders edges with empty capabilities when not highlighted" time="0.02">
    </testcase>
    <testcase classname="AgentDelegationGraph highlights only the selected branch, leaving other branch un-highlighted" name="AgentDelegationGraph highlights only the selected branch, leaving other branch un-highlighted" time="0.011">
    </testcase>
    <testcase classname="AgentDelegationGraph does not show detail panel when selecting a nonexistent node ID (covers ?? null fallback)" name="AgentDelegationGraph does not show detail panel when selecting a nonexistent node ID (covers ?? null fallback)" time="0.006">
    </testcase>
    <testcase classname="AgentDelegationGraph renders nodes at various depths with correct layout" name="AgentDelegationGraph renders nodes at various depths with correct layout" time="0.009">
    </testcase>
  </testsuite>
  <testsuite name="IdentityCard" errors="0" failures="0" skipped="0" timestamp="2026-03-31T10:24:15" time="0.659" tests="31">
    <testcase classname="IdentityCard renders without crashing when identity is passed as prop" name="IdentityCard renders without crashing when identity is passed as prop" time="0.117">
    </testcase>
    <testcase classname="IdentityCard shows loading skeleton when hook isLoading" name="IdentityCard shows loading skeleton when hook isLoading" time="0.011">
    </testcase>
    <testcase classname="IdentityCard shows error message when hook returns error" name="IdentityCard shows error message when hook returns error" time="0.002">
    </testcase>
    <testcase classname="IdentityCard shows &quot;No Identity&quot; state when no identity exists" name="IdentityCard shows &quot;No Identity&quot; state when no identity exists" time="0.002">
    </testcase>
    <testcase classname="IdentityCard displays credential and verification counts" name="IdentityCard displays credential and verification counts" time="0.006">
    </testcase>
    <testcase classname="IdentityCard renders compact variant" name="IdentityCard renders compact variant" time="0.002">
    </testcase>
    <testcase classname="IdentityCard uses context identity when no prop is passed" name="IdentityCard uses context identity when no prop is passed" time="0.013">
    </testcase>
    <testcase classname="IdentityCard prefers prop identity over context identity" name="IdentityCard prefers prop identity over context identity" time="0.012">
    </testcase>
    <testcase classname="IdentityCard displays error message text from error object" name="IdentityCard displays error message text from error object" time="0.003">
    </testcase>
    <testcase classname="IdentityCard renders pending verification status" name="IdentityCard renders pending verification status" time="0.064">
    </testcase>
    <testcase classname="IdentityCard renders revoked verification status" name="IdentityCard renders revoked verification status" time="0.009">
    </testcase>
    <testcase classname="IdentityCard renders expired verification status" name="IdentityCard renders expired verification status" time="0.002">
    </testcase>
    <testcase classname="IdentityCard renders unverified verification status" name="IdentityCard renders unverified verification status" time="0.02">
    </testcase>
    <testcase classname="IdentityCard copies DID to clipboard when copy button is clicked" name="IdentityCard copies DID to clipboard when copy button is clicked" time="0.027">
    </testcase>
    <testcase classname="IdentityCard handles clipboard copy failure gracefully" name="IdentityCard handles clipboard copy failure gracefully" time="0.003">
    </testcase>
    <testcase classname="IdentityCard does not copy when identity has no DID" name="IdentityCard does not copy when identity has no DID" time="0.004">
    </testcase>
    <testcase classname="IdentityCard renders onViewDetails button in full view and calls it" name="IdentityCard renders onViewDetails button in full view and calls it" time="0.016">
    </testcase>
    <testcase classname="IdentityCard does not render Details button when onViewDetails is not provided" name="IdentityCard does not render Details button when onViewDetails is not provided" time="0.003">
    </testcase>
    <testcase classname="IdentityCard calls onViewDetails in compact mode when card is clicked" name="IdentityCard calls onViewDetails in compact mode when card is clicked" time="0.002">
    </testcase>
    <testcase classname="IdentityCard displays truncated DID in compact mode" name="IdentityCard displays truncated DID in compact mode" time="0.001">
    </testcase>
    <testcase classname="IdentityCard shows &quot;--&quot; for Created date when createdAt is missing" name="IdentityCard shows &quot;--&quot; for Created date when createdAt is missing" time="0.002">
    </testcase>
    <testcase classname="IdentityCard formats createdAt date properly" name="IdentityCard formats createdAt date properly" time="0.019">
    </testcase>
    <testcase classname="IdentityCard defaults credentialCount and verificationCount to 0" name="IdentityCard defaults credentialCount and verificationCount to 0" time="0.002">
    </testcase>
    <testcase classname="IdentityCard renders Aethelred Network footer text" name="IdentityCard renders Aethelred Network footer text" time="0.004">
    </testcase>
    <testcase classname="IdentityCard renders Self-Sovereign label" name="IdentityCard renders Self-Sovereign label" time="0.001">
    </testcase>
    <testcase classname="IdentityCard renders Decentralized Identifier label" name="IdentityCard renders Decentralized Identifier label" time="0.003">
    </testcase>
    <testcase classname="IdentityCard does not truncate short DIDs" name="IdentityCard does not truncate short DIDs" time="0.002">
    </testcase>
    <testcase classname="IdentityCard falls back to unverified status for unknown verificationStatus" name="IdentityCard falls back to unverified status for unknown verificationStatus" time="0.021">
    </testcase>
    <testcase classname="IdentityCard triggers hover start handler to show shimmer" name="IdentityCard triggers hover start handler to show shimmer" time="0.006">
    </testcase>
    <testcase classname="IdentityCard triggers hover end handler to hide shimmer" name="IdentityCard triggers hover end handler to hide shimmer" time="0.009">
    </testcase>
    <testcase classname="IdentityCard resets copied state after timeout" name="IdentityCard resets copied state after timeout" time="0.027">
    </testcase>
  </testsuite>
  <testsuite name="RevocationPage" errors="0" failures="0" skipped="0" timestamp="2026-03-31T10:24:15" time="0.851" tests="16">
    <testcase classname="RevocationPage renders without crashing" name="RevocationPage renders without crashing" time="0.093">
    </testcase>
    <testcase classname="RevocationPage displays the page heading" name="RevocationPage displays the page heading" time="0.029">
    </testcase>
    <testcase classname="RevocationPage shows permanent revocation warning" name="RevocationPage shows permanent revocation warning" time="0.008">
    </testcase>
    <testcase classname="RevocationPage lists active credentials" name="RevocationPage lists active credentials" time="0.024">
    </testcase>
    <testcase classname="RevocationPage shows previously revoked credentials" name="RevocationPage shows previously revoked credentials" time="0.007">
    </testcase>
    <testcase classname="RevocationPage opens revocation confirmation modal when clicking Revoke" name="RevocationPage opens revocation confirmation modal when clicking Revoke" time="0.117">
    </testcase>
    <testcase classname="RevocationPage filters credentials by search query" name="RevocationPage filters credentials by search query" time="0.012">
    </testcase>
    <testcase classname="RevocationPage calls revokeCredential on confirm and shows success toast" name="RevocationPage calls revokeCredential on confirm and shows success toast" time="0.026">
    </testcase>
    <testcase classname="RevocationPage shows error toast when revocation fails" name="RevocationPage shows error toast when revocation fails" time="0.025">
    </testcase>
    <testcase classname="RevocationPage closes modal when Cancel is clicked" name="RevocationPage closes modal when Cancel is clicked" time="0.01">
    </testcase>
    <testcase classname="RevocationPage displays revoked credentials with status badge" name="RevocationPage displays revoked credentials with status badge" time="0.005">
    </testcase>
    <testcase classname="RevocationPage triggers Modal onClose prop" name="RevocationPage triggers Modal onClose prop" time="0.061">
    </testcase>
    <testcase classname="RevocationPage shows empty state when all credentials are filtered out" name="RevocationPage shows empty state when all credentials are filtered out" time="0.004">
    </testcase>
    <testcase classname="RevocationPage shows revoking state in modal during revocation" name="RevocationPage shows revoking state in modal during revocation" time="0.019">
    </testcase>
    <testcase classname="RevocationPage handles undefined data from useCredentials gracefully" name="RevocationPage handles undefined data from useCredentials gracefully" time="0.004">
    </testcase>
    <testcase classname="RevocationPage handles revoked credential with null revokedAt" name="RevocationPage handles revoked credential with null revokedAt" time="0.003">
    </testcase>
  </testsuite>
  <testsuite name="PrivacyScoreBreakdown" errors="0" failures="0" skipped="0" timestamp="2026-03-31T10:24:15" time="0.721" tests="23">
    <testcase classname="PrivacyScoreBreakdown renders loading state" name="PrivacyScoreBreakdown renders loading state" time="0.015">
    </testcase>
    <testcase classname="PrivacyScoreBreakdown renders error state" name="PrivacyScoreBreakdown renders error state" time="0.001">
    </testcase>
    <testcase classname="PrivacyScoreBreakdown renders with default props" name="PrivacyScoreBreakdown renders with default props" time="0.148">
    </testcase>
    <testcase classname="PrivacyScoreBreakdown renders overall score" name="PrivacyScoreBreakdown renders overall score" time="0.032">
    </testcase>
    <testcase classname="PrivacyScoreBreakdown shows correct label for different score ranges" name="PrivacyScoreBreakdown shows correct label for different score ranges" time="0.032">
    </testcase>
    <testcase classname="PrivacyScoreBreakdown renders network average comparison (above average)" name="PrivacyScoreBreakdown renders network average comparison (above average)" time="0.055">
    </testcase>
    <testcase classname="PrivacyScoreBreakdown renders network average comparison (below average)" name="PrivacyScoreBreakdown renders network average comparison (below average)" time="0.016">
    </testcase>
    <testcase classname="PrivacyScoreBreakdown renders category breakdown" name="PrivacyScoreBreakdown renders category breakdown" time="0.023">
    </testcase>
    <testcase classname="PrivacyScoreBreakdown renders exposure summary stats" name="PrivacyScoreBreakdown renders exposure summary stats" time="0.009">
    </testcase>
    <testcase classname="PrivacyScoreBreakdown renders data exposure table" name="PrivacyScoreBreakdown renders data exposure table" time="0.033">
    </testcase>
    <testcase classname="PrivacyScoreBreakdown renders recommendations (initially shows 2)" name="PrivacyScoreBreakdown renders recommendations (initially shows 2)" time="0.017">
    </testcase>
    <testcase classname="PrivacyScoreBreakdown shows all recommendations when &quot;Show more&quot; is clicked" name="PrivacyScoreBreakdown shows all recommendations when &quot;Show more&quot; is clicked" time="0.019">
    </testcase>
    <testcase classname="PrivacyScoreBreakdown collapses recommendations when &quot;Show less&quot; is clicked" name="PrivacyScoreBreakdown collapses recommendations when &quot;Show less&quot; is clicked" time="0.023">
    </testcase>
    <testcase classname="PrivacyScoreBreakdown renders history chart" name="PrivacyScoreBreakdown renders history chart" time="0.014">
    </testcase>
    <testcase classname="PrivacyScoreBreakdown applies custom className" name="PrivacyScoreBreakdown applies custom className" time="0.045">
    </testcase>
    <testcase classname="PrivacyScoreBreakdown renders ScoreGauge with score &lt; 60 showing Needs Improvement and red color" name="PrivacyScoreBreakdown renders ScoreGauge with score &lt; 60 showing Needs Improvement and red color" time="0.025">
    </testcase>
    <testcase classname="PrivacyScoreBreakdown renders CategoryBar with percentage &lt; 60 showing red bar" name="PrivacyScoreBreakdown renders CategoryBar with percentage &lt; 60 showing red bar" time="0.011">
    </testcase>
    <testcase classname="PrivacyScoreBreakdown renders CategoryBar with percentage between 60-80 showing amber bar" name="PrivacyScoreBreakdown renders CategoryBar with percentage between 60-80 showing amber bar" time="0.004">
    </testcase>
    <testcase classname="PrivacyScoreBreakdown renders CategoryBar with unknown icon falling back to Shield" name="PrivacyScoreBreakdown renders CategoryBar with unknown icon falling back to Shield" time="0.004">
    </testcase>
    <testcase classname="PrivacyScoreBreakdown does not show &quot;Show more&quot; when recommendations &lt;= 2" name="PrivacyScoreBreakdown does not show &quot;Show more&quot; when recommendations &lt;= 2" time="0.011">
    </testcase>
    <testcase classname="PrivacyScoreBreakdown shows equal score as below average (overallScore === networkAverage)" name="PrivacyScoreBreakdown shows equal score as below average (overallScore === networkAverage)" time="0.004">
    </testcase>
    <testcase classname="PrivacyScoreBreakdown renders loading state with custom className" name="PrivacyScoreBreakdown renders loading state with custom className" time="0.001">
    </testcase>
    <testcase classname="PrivacyScoreBreakdown renders error state with custom className" name="PrivacyScoreBreakdown renders error state with custom className" time="0">
    </testcase>
  </testsuite>
  <testsuite name="RegulatoryPage" errors="0" failures="0" skipped="0" timestamp="2026-03-31T10:24:13" time="2.879" tests="20">
    <testcase classname="RegulatoryPage renders without crashing" name="RegulatoryPage renders without crashing" time="0.1">
    </testcase>
    <testcase classname="RegulatoryPage displays the page heading" name="RegulatoryPage displays the page heading" time="0.086">
    </testcase>
    <testcase classname="RegulatoryPage shows metric cards" name="RegulatoryPage shows metric cards" time="0.05">
    </testcase>
    <testcase classname="RegulatoryPage shows jurisdiction map by default" name="RegulatoryPage shows jurisdiction map by default" time="0.135">
    </testcase>
    <testcase classname="RegulatoryPage switches to Credential Gaps tab" name="RegulatoryPage switches to Credential Gaps tab" time="0.124">
    </testcase>
    <testcase classname="RegulatoryPage shows regulatory change feed in sidebar" name="RegulatoryPage shows regulatory change feed in sidebar" time="0.059">
    </testcase>
    <testcase classname="RegulatoryPage shows data sovereignty status in sidebar" name="RegulatoryPage shows data sovereignty status in sidebar" time="0.025">
    </testcase>
    <testcase classname="RegulatoryPage selects a jurisdiction and shows detail panel" name="RegulatoryPage selects a jurisdiction and shows detail panel" time="0.112">
    </testcase>
    <testcase classname="RegulatoryPage shows jurisdiction detail with GDPR and eIDAS indicators for EU" name="RegulatoryPage shows jurisdiction detail with GDPR and eIDAS indicators for EU" time="0.062">
    </testcase>
    <testcase classname="RegulatoryPage switches to Cross-Border Checker tab and shows routes" name="RegulatoryPage switches to Cross-Border Checker tab and shows routes" time="0.08">
    </testcase>
    <testcase classname="RegulatoryPage switches to Mutual Recognition tab and shows matrix" name="RegulatoryPage switches to Mutual Recognition tab and shows matrix" time="0.191">
    </testcase>
    <testcase classname="RegulatoryPage filters jurisdictions by search query" name="RegulatoryPage filters jurisdictions by search query" time="0.017">
    </testcase>
    <testcase classname="RegulatoryPage shows privacy framework compliance indicators" name="RegulatoryPage shows privacy framework compliance indicators" time="0.045">
    </testcase>
    <testcase classname="RegulatoryPage changes From select in the Cross-Border Checker tab" name="RegulatoryPage changes From select in the Cross-Border Checker tab" time="0.058">
    </testcase>
    <testcase classname="RegulatoryPage changes To select in the Cross-Border Checker tab" name="RegulatoryPage changes To select in the Cross-Border Checker tab" time="0.064">
    </testcase>
    <testcase classname="RegulatoryPage deselects a jurisdiction when clicking the same one again" name="RegulatoryPage deselects a jurisdiction when clicking the same one again" time="0.126">
    </testcase>
    <testcase classname="RegulatoryPage selects a jurisdiction with no mutual recognition (Brazil) and score &lt; 80" name="RegulatoryPage selects a jurisdiction with no mutual recognition (Brazil) and score &lt; 80" time="0.109">
    </testcase>
    <testcase classname="RegulatoryPage selects a jurisdiction with score between 80-89 (amber) and gaps &gt; 0" name="RegulatoryPage selects a jurisdiction with score between 80-89 (amber) and gaps &gt; 0" time="0.08">
    </testcase>
    <testcase classname="RegulatoryPage selects a jurisdiction with score &lt; 80 (India)" name="RegulatoryPage selects a jurisdiction with score &lt; 80 (India)" time="0.044">
    </testcase>
    <testcase classname="RegulatoryPage filters jurisdictions by region" name="RegulatoryPage filters jurisdictions by region" time="0.065">
    </testcase>
  </testsuite>
  <testsuite name="AdminPage" errors="0" failures="0" skipped="0" timestamp="2026-03-31T10:24:13" time="2.917" tests="19">
    <testcase classname="AdminPage renders without crashing" name="AdminPage renders without crashing" time="0.118">
    </testcase>
    <testcase classname="AdminPage displays the admin heading" name="AdminPage displays the admin heading" time="0.048">
    </testcase>
    <testcase classname="AdminPage shows Invite Member button" name="AdminPage shows Invite Member button" time="0.024">
    </testcase>
    <testcase classname="AdminPage renders RBAC Matrix tab by default with Permission Matrix" name="AdminPage renders RBAC Matrix tab by default with Permission Matrix" time="0.052">
    </testcase>
    <testcase classname="AdminPage switches to Team tab and shows team members" name="AdminPage switches to Team tab and shows team members" time="0.306">
    </testcase>
    <testcase classname="AdminPage switches to Activity Log tab and shows log entries" name="AdminPage switches to Activity Log tab and shows log entries" time="0.07">
    </testcase>
    <testcase classname="AdminPage filters activity log by category" name="AdminPage filters activity log by category" time="0.103">
    </testcase>
    <testcase classname="AdminPage switches to Security Policies tab" name="AdminPage switches to Security Policies tab" time="0.078">
    </testcase>
    <testcase classname="AdminPage switches to Organization tab" name="AdminPage switches to Organization tab" time="0.082">
    </testcase>
    <testcase classname="AdminPage switches to Deployment tab" name="AdminPage switches to Deployment tab" time="0.093">
    </testcase>
    <testcase classname="AdminPage selects and deselects a role in RBAC view" name="AdminPage selects and deselects a role in RBAC view" time="0.047">
    </testcase>
    <testcase classname="AdminPage searches team members on Team tab" name="AdminPage searches team members on Team tab" time="0.072">
    </testcase>
    <testcase classname="AdminPage shows pending badge for pending team members" name="AdminPage shows pending badge for pending team members" time="0.071">
    </testcase>
    <testcase classname="AdminPage shows MFA and No MFA indicators for team members" name="AdminPage shows MFA and No MFA indicators for team members" time="0.108">
    </testcase>
    <testcase classname="AdminPage applies fallback color for unknown role in team view" name="AdminPage applies fallback color for unknown role in team view" time="0.094">
    </testcase>
    <testcase classname="AdminPage shows activity log entries with different categories and fallback colors" name="AdminPage shows activity log entries with different categories and fallback colors" time="0.142">
    </testcase>
    <testcase classname="AdminPage renders deployment resource usage bars with varying usage levels" name="AdminPage renders deployment resource usage bars with varying usage levels" time="0.073">
    </testcase>
    <testcase classname="AdminPage renders network and resource sections in deployment tab" name="AdminPage renders network and resource sections in deployment tab" time="0.057">
    </testcase>
    <testcase classname="AdminPage filters team members by email" name="AdminPage filters team members by email" time="0.058">
    </testcase>
  </testsuite>
  <testsuite name="AuditPage" errors="0" failures="0" skipped="0" timestamp="2026-03-31T10:24:13" time="2.932" tests="14">
    <testcase classname="AuditPage renders without crashing" name="AuditPage renders without crashing" time="0.068">
    </testcase>
    <testcase classname="AuditPage displays the page heading" name="AuditPage displays the page heading" time="0.022">
    </testcase>
    <testcase classname="AuditPage shows Export Log button" name="AuditPage shows Export Log button" time="0.015">
    </testcase>
    <testcase classname="AuditPage renders audit timeline component" name="AuditPage renders audit timeline component" time="0.017">
    </testcase>
    <testcase classname="AuditPage allows switching category tabs" name="AuditPage allows switching category tabs" time="0.19">
    </testcase>
    <testcase classname="AuditPage filters audit log by search query" name="AuditPage filters audit log by search query" time="0.037">
    </testcase>
    <testcase classname="AuditPage filters audit log with non-matching search query" name="AuditPage filters audit log with non-matching search query" time="0.029">
    </testcase>
    <testcase classname="AuditPage switches date range buttons" name="AuditPage switches date range buttons" time="0.546">
    </testcase>
    <testcase classname="AuditPage switches to different category tabs" name="AuditPage switches to different category tabs" time="0.681">
    </testcase>
    <testcase classname="AuditPage shows summary stats for audit log" name="AuditPage shows summary stats for audit log" time="0.006">
    </testcase>
    <testcase classname="AuditPage filters by category and then searches within filtered results" name="AuditPage filters by category and then searches within filtered results" time="0.085">
    </testcase>
    <testcase classname="AuditPage handles null auditLog gracefully" name="AuditPage handles null auditLog gracefully" time="0.009">
    </testcase>
    <testcase classname="AuditPage handles undefined auditLog gracefully" name="AuditPage handles undefined auditLog gracefully" time="0.016">
    </testcase>
    <testcase classname="AuditPage handles empty auditLog" name="AuditPage handles empty auditLog" time="0.035">
    </testcase>
  </testsuite>
  <testsuite name="VerificationPage" errors="0" failures="0" skipped="0" timestamp="2026-03-31T10:24:15" time="0.618" tests="13">
    <testcase classname="VerificationPage renders without crashing" name="VerificationPage renders without crashing" time="0.07">
    </testcase>
    <testcase classname="VerificationPage displays the page heading" name="VerificationPage displays the page heading" time="0.005">
    </testcase>
    <testcase classname="VerificationPage shows pending requests badge" name="VerificationPage shows pending requests badge" time="0.031">
    </testcase>
    <testcase classname="VerificationPage shows generate proof tab by default with verification flow" name="VerificationPage shows generate proof tab by default with verification flow" time="0.007">
    </testcase>
    <testcase classname="VerificationPage switches to Respond to Request tab" name="VerificationPage switches to Respond to Request tab" time="0.047">
    </testcase>
    <testcase classname="VerificationPage switches to History tab and shows verification history" name="VerificationPage switches to History tab and shows verification history" time="0.037">
    </testcase>
    <testcase classname="VerificationPage clicking a verification in history shows proof visualization" name="VerificationPage clicking a verification in history shows proof visualization" time="0.021">
    </testcase>
    <testcase classname="VerificationPage closing proof visualization hides it" name="VerificationPage closing proof visualization hides it" time="0.019">
    </testcase>
    <testcase classname="VerificationPage shows plural &quot;requests&quot; when pendingRequests &gt; 1" name="VerificationPage shows plural &quot;requests&quot; when pendingRequests &gt; 1" time="0.009">
    </testcase>
    <testcase classname="VerificationPage hides pending requests badge when no pending requests" name="VerificationPage hides pending requests badge when no pending requests" time="0.003">
    </testcase>
    <testcase classname="VerificationPage shows empty state when verification history is empty" name="VerificationPage shows empty state when verification history is empty" time="0.004">
    </testcase>
    <testcase classname="VerificationPage shows empty state when verification history is null" name="VerificationPage shows empty state when verification history is null" time="0.016">
    </testcase>
    <testcase classname="VerificationPage renders revoked status styling for history items" name="VerificationPage renders revoked status styling for history items" time="0.05">
    </testcase>
  </testsuite>
  <testsuite name="useCreateDisclosureRequest" errors="0" failures="0" skipped="0" timestamp="2026-03-31T10:24:16" time="0.662" tests="12">
    <testcase classname="useCreateDisclosureRequest creates disclosure request and shows success toast" name="useCreateDisclosureRequest creates disclosure request and shows success toast" time="0.012">
    </testcase>
    <testcase classname="useCreateDisclosureRequest uses custom expiresIn when provided" name="useCreateDisclosureRequest uses custom expiresIn when provided" time="0.006">
    </testcase>
    <testcase classname="useCreateDisclosureRequest shows error toast on failure" name="useCreateDisclosureRequest shows error toast on failure" time="0.009">
    </testcase>
    <testcase classname="useBuildDisclosureResponse builds response and shows success toast" name="useBuildDisclosureResponse builds response and shows success toast" time="0.003">
    </testcase>
    <testcase classname="useBuildDisclosureResponse shows error toast on failure" name="useBuildDisclosureResponse shows error toast on failure" time="0.005">
    </testcase>
    <testcase classname="usePendingDisclosures fetches pending disclosures for connected address" name="usePendingDisclosures fetches pending disclosures for connected address" time="0.083">
    </testcase>
    <testcase classname="usePendingDisclosures is disabled when no address" name="usePendingDisclosures is disabled when no address" time="0.001">
    </testcase>
    <testcase classname="useDisclosureRequest fetches disclosure request by id" name="useDisclosureRequest fetches disclosure request by id" time="0.061">
    </testcase>
    <testcase classname="useDisclosureRequest is disabled when requestId is undefined" name="useDisclosureRequest is disabled when requestId is undefined" time="0.003">
    </testcase>
    <testcase classname="useDisclosureHistory fetches disclosure history for connected address" name="useDisclosureHistory fetches disclosure history for connected address" time="0.055">
    </testcase>
    <testcase classname="useDisclosureHistory accepts custom page and pageSize" name="useDisclosureHistory accepts custom page and pageSize" time="0.063">
    </testcase>
    <testcase classname="useDisclosureHistory is disabled when no address" name="useDisclosureHistory is disabled when no address" time="0.002">
    </testcase>
  </testsuite>
  <testsuite name="MarketplacePage" errors="0" failures="0" skipped="0" timestamp="2026-03-31T10:24:13" time="3.206" tests="15">
    <testcase classname="MarketplacePage renders without crashing" name="MarketplacePage renders without crashing" time="0.134">
    </testcase>
    <testcase classname="MarketplacePage displays the page heading" name="MarketplacePage displays the page heading" time="0.099">
    </testcase>
    <testcase classname="MarketplacePage shows metric cards" name="MarketplacePage shows metric cards" time="0.064">
    </testcase>
    <testcase classname="MarketplacePage renders featured credentials section" name="MarketplacePage renders featured credentials section" time="0.025">
    </testcase>
    <testcase classname="MarketplacePage switches to Issuer Leaderboard section" name="MarketplacePage switches to Issuer Leaderboard section" time="0.209">
    </testcase>
    <testcase classname="MarketplacePage filters schemas by category" name="MarketplacePage filters schemas by category" time="0.105">
    </testcase>
    <testcase classname="MarketplacePage shows issuer detail when issuer is clicked in leaderboard" name="MarketplacePage shows issuer detail when issuer is clicked in leaderboard" time="0.176">
    </testcase>
    <testcase classname="MarketplacePage searches credentials by name" name="MarketplacePage searches credentials by name" time="0.069">
    </testcase>
    <testcase classname="MarketplacePage filters by jurisdiction" name="MarketplacePage filters by jurisdiction" time="0.078">
    </testcase>
    <testcase classname="MarketplacePage switches to list view mode and shows list layout" name="MarketplacePage switches to list view mode and shows list layout" time="0.115">
    </testcase>
    <testcase classname="MarketplacePage searches credentials by issuer name" name="MarketplacePage searches credentials by issuer name" time="0.064">
    </testcase>
    <testcase classname="MarketplacePage switches back to schemas section from issuers" name="MarketplacePage switches back to schemas section from issuers" time="0.117">
    </testcase>
    <testcase classname="MarketplacePage switches back to grid view from list view" name="MarketplacePage switches back to grid view from list view" time="0.266">
    </testcase>
    <testcase classname="MarketplacePage collapses issuer detail when clicking same issuer again" name="MarketplacePage collapses issuer detail when clicking same issuer again" time="0.137">
    </testcase>
    <testcase classname="MarketplacePage switches issuer detail to a different issuer" name="MarketplacePage switches issuer detail to a different issuer" time="0.242">
    </testcase>
  </testsuite>
  <testsuite name="EnterprisePage" errors="0" failures="0" skipped="0" timestamp="2026-03-31T10:24:13" time="3.296" tests="17">
    <testcase classname="EnterprisePage renders without crashing" name="EnterprisePage renders without crashing" time="0.074">
    </testcase>
    <testcase classname="EnterprisePage displays the page heading" name="EnterprisePage displays the page heading" time="0.113">
    </testcase>
    <testcase classname="EnterprisePage shows metric cards" name="EnterprisePage shows metric cards" time="0.036">
    </testcase>
    <testcase classname="EnterprisePage shows API Keys tab content by default" name="EnterprisePage shows API Keys tab content by default" time="0.028">
    </testcase>
    <testcase classname="EnterprisePage switches to Webhooks tab" name="EnterprisePage switches to Webhooks tab" time="0.267">
    </testcase>
    <testcase classname="EnterprisePage switches to Team (RBAC) tab" name="EnterprisePage switches to Team (RBAC) tab" time="0.157">
    </testcase>
    <testcase classname="EnterprisePage toggles environment between production and sandbox and back" name="EnterprisePage toggles environment between production and sandbox and back" time="0.07">
    </testcase>
    <testcase classname="EnterprisePage switches to SLA Monitor tab and shows uptime gauge" name="EnterprisePage switches to SLA Monitor tab and shows uptime gauge" time="0.224">
    </testcase>
    <testcase classname="EnterprisePage switches to Usage Analytics tab and shows chart and endpoints" name="EnterprisePage switches to Usage Analytics tab and shows chart and endpoints" time="0.138">
    </testcase>
    <testcase classname="EnterprisePage switches to SDK &amp; Docs tab and shows SDK downloads" name="EnterprisePage switches to SDK &amp; Docs tab and shows SDK downloads" time="0.095">
    </testcase>
    <testcase classname="EnterprisePage toggles API key visibility" name="EnterprisePage toggles API key visibility" time="0.039">
    </testcase>
    <testcase classname="EnterprisePage copies API key to clipboard" name="EnterprisePage copies API key to clipboard" time="0.03">
    </testcase>
    <testcase classname="EnterprisePage shows team RBAC permissions table" name="EnterprisePage shows team RBAC permissions table" time="0.317">
    </testcase>
    <testcase classname="EnterprisePage switches SDK language when clicking SDK buttons" name="EnterprisePage switches SDK language when clicking SDK buttons" time="0.094">
    </testcase>
    <testcase classname="EnterprisePage opens create key modal when clicking Create Key button" name="EnterprisePage opens create key modal when clicking Create Key button" time="0.046">
    </testcase>
    <testcase classname="EnterprisePage toggles API key visibility off again (reveal then hide)" name="EnterprisePage toggles API key visibility off again (reveal then hide)" time="0.076">
    </testcase>
    <testcase classname="EnterprisePage copies SDK snippet to clipboard and clears copied state after timeout" name="EnterprisePage copies SDK snippet to clipboard and clears copied state after timeout" time="0.302">
    </testcase>
  </testsuite>
  <testsuite name="CrossChainPage" errors="0" failures="0" skipped="0" timestamp="2026-03-31T10:24:15" time="1.417" tests="14">
    <testcase classname="CrossChainPage renders without crashing" name="CrossChainPage renders without crashing" time="0.057">
    </testcase>
    <testcase classname="CrossChainPage displays the page heading" name="CrossChainPage displays the page heading" time="0.014">
    </testcase>
    <testcase classname="CrossChainPage shows metric cards" name="CrossChainPage shows metric cards" time="0.016">
    </testcase>
    <testcase classname="CrossChainPage displays supported chains in the sidebar" name="CrossChainPage displays supported chains in the sidebar" time="0.037">
    </testcase>
    <testcase classname="CrossChainPage switches tabs when clicking on tab buttons" name="CrossChainPage switches tabs when clicking on tab buttons" time="0.164">
    </testcase>
    <testcase classname="CrossChainPage changes source chain via dropdown" name="CrossChainPage changes source chain via dropdown" time="0.065">
    </testcase>
    <testcase classname="CrossChainPage changes destination chain via dropdown" name="CrossChainPage changes destination chain via dropdown" time="0.117">
    </testcase>
    <testcase classname="CrossChainPage has a swap button that can be clicked without error" name="CrossChainPage has a swap button that can be clicked without error" time="0.112">
    </testcase>
    <testcase classname="CrossChainPage toggles credential selection and enables/disables bridge button" name="CrossChainPage toggles credential selection and enables/disables bridge button" time="0.09">
    </testcase>
    <testcase classname="CrossChainPage starts bridge process when bridge button is clicked with credentials selected" name="CrossChainPage starts bridge process when bridge button is clicked with credentials selected" time="0.048">
    </testcase>
    <testcase classname="CrossChainPage shows history tab with bridge status indicators" name="CrossChainPage shows history tab with bridge status indicators" time="0.04">
    </testcase>
    <testcase classname="CrossChainPage completes bridge process through all steps and finishes" name="CrossChainPage completes bridge process through all steps and finishes" time="0.202">
    </testcase>
    <testcase classname="CrossChainPage bridge button shows plural &quot;Credentials&quot; for multiple selections" name="CrossChainPage bridge button shows plural &quot;Credentials&quot; for multiple selections" time="0.037">
    </testcase>
    <testcase classname="CrossChainPage bridge button is disabled when no credentials are selected" name="CrossChainPage bridge button is disabled when no credentials are selected" time="0.115">
    </testcase>
  </testsuite>
  <testsuite name="TEEStatusPanel" errors="0" failures="0" skipped="0" timestamp="2026-03-31T10:24:16" time="0.628" tests="19">
    <testcase classname="TEEStatusPanel renders loading state" name="TEEStatusPanel renders loading state" time="0.015">
    </testcase>
    <testcase classname="TEEStatusPanel renders error state" name="TEEStatusPanel renders error state" time="0.005">
    </testcase>
    <testcase classname="TEEStatusPanel renders compact mode" name="TEEStatusPanel renders compact mode" time="0.004">
    </testcase>
    <testcase classname="TEEStatusPanel renders full mode header" name="TEEStatusPanel renders full mode header" time="0.011">
    </testcase>
    <testcase classname="TEEStatusPanel renders refresh button" name="TEEStatusPanel renders refresh button" time="0.019">
    </testcase>
    <testcase classname="TEEStatusPanel calls refreshStatus when refresh is clicked" name="TEEStatusPanel calls refreshStatus when refresh is clicked" time="0.147">
    </testcase>
    <testcase classname="TEEStatusPanel renders attestation info" name="TEEStatusPanel renders attestation info" time="0.017">
    </testcase>
    <testcase classname="TEEStatusPanel renders node list" name="TEEStatusPanel renders node list" time="0.008">
    </testcase>
    <testcase classname="TEEStatusPanel renders node regions" name="TEEStatusPanel renders node regions" time="0.015">
    </testcase>
    <testcase classname="TEEStatusPanel renders node health statuses" name="TEEStatusPanel renders node health statuses" time="0.043">
    </testcase>
    <testcase classname="TEEStatusPanel renders healthy count" name="TEEStatusPanel renders healthy count" time="0.067">
    </testcase>
    <testcase classname="TEEStatusPanel renders empty node state" name="TEEStatusPanel renders empty node state" time="0.013">
    </testcase>
    <testcase classname="TEEStatusPanel handles null nodes gracefully in full mode" name="TEEStatusPanel handles null nodes gracefully in full mode" time="0.022">
    </testcase>
    <testcase classname="TEEStatusPanel handles null nodes gracefully in compact mode" name="TEEStatusPanel handles null nodes gracefully in compact mode" time="0.01">
    </testcase>
    <testcase classname="TEEStatusPanel shows all healthy indicator in compact mode when all nodes are healthy" name="TEEStatusPanel shows all healthy indicator in compact mode when all nodes are healthy" time="0.004">
    </testcase>
    <testcase classname="TEEStatusPanel shows Never when attestation lastVerified is null" name="TEEStatusPanel shows Never when attestation lastVerified is null" time="0.006">
    </testcase>
    <testcase classname="TEEStatusPanel does not render enclave ID when not provided" name="TEEStatusPanel does not render enclave ID when not provided" time="0.007">
    </testcase>
    <testcase classname="TEEStatusPanel renders unknown health status for nodes with unknown health" name="TEEStatusPanel renders unknown health status for nodes with unknown health" time="0.017">
    </testcase>
    <testcase classname="TEEStatusPanel handles refresh completing successfully" name="TEEStatusPanel handles refresh completing successfully" time="0.015">
    </testcase>
  </testsuite>
  <testsuite name="IntegrationsPage" errors="0" failures="0" skipped="0" timestamp="2026-03-31T10:24:16" time="0.874" tests="6">
    <testcase classname="IntegrationsPage renders without crashing" name="IntegrationsPage renders without crashing" time="0.102">
    </testcase>
    <testcase classname="IntegrationsPage displays the page heading" name="IntegrationsPage displays the page heading" time="0.079">
    </testcase>
    <testcase classname="IntegrationsPage shows stats bar" name="IntegrationsPage shows stats bar" time="0.057">
    </testcase>
    <testcase classname="IntegrationsPage renders integration cards" name="IntegrationsPage renders integration cards" time="0.037">
    </testcase>
    <testcase classname="IntegrationsPage filters integrations by search query" name="IntegrationsPage filters integrations by search query" time="0.115">
    </testcase>
    <testcase classname="IntegrationsPage filters integrations by category" name="IntegrationsPage filters integrations by category" time="0.047">
    </testcase>
  </testsuite>
  <testsuite name="AgentIdentityPage" errors="0" failures="0" skipped="0" timestamp="2026-03-31T10:24:13" time="4.039" tests="22">
    <testcase classname="AgentIdentityPage renders without crashing" name="AgentIdentityPage renders without crashing" time="0.144">
    </testcase>
    <testcase classname="AgentIdentityPage displays the page heading" name="AgentIdentityPage displays the page heading" time="0.043">
    </testcase>
    <testcase classname="AgentIdentityPage shows Register Agent button" name="AgentIdentityPage shows Register Agent button" time="0.046">
    </testcase>
    <testcase classname="AgentIdentityPage renders agent cards in grid view by default" name="AgentIdentityPage renders agent cards in grid view by default" time="0.031">
    </testcase>
    <testcase classname="AgentIdentityPage opens registration wizard when Register Agent is clicked" name="AgentIdentityPage opens registration wizard when Register Agent is clicked" time="0.126">
    </testcase>
    <testcase classname="AgentIdentityPage switches to list view" name="AgentIdentityPage switches to list view" time="0.212">
    </testcase>
    <testcase classname="AgentIdentityPage filters agents by search query" name="AgentIdentityPage filters agents by search query" time="0.091">
    </testcase>
    <testcase classname="AgentIdentityPage navigates through wizard steps" name="AgentIdentityPage navigates through wizard steps" time="0.386">
    </testcase>
    <testcase classname="AgentIdentityPage goes back in wizard steps" name="AgentIdentityPage goes back in wizard steps" time="0.095">
    </testcase>
    <testcase classname="AgentIdentityPage switches to Capability Matrix tab" name="AgentIdentityPage switches to Capability Matrix tab" time="0.103">
    </testcase>
    <testcase classname="AgentIdentityPage switches to Delegation Chains tab" name="AgentIdentityPage switches to Delegation Chains tab" time="0.093">
    </testcase>
    <testcase classname="AgentIdentityPage displays HITL approval queue" name="AgentIdentityPage displays HITL approval queue" time="0.058">
    </testcase>
    <testcase classname="AgentIdentityPage displays real-time activity log" name="AgentIdentityPage displays real-time activity log" time="0.055">
    </testcase>
    <testcase classname="AgentIdentityPage closes wizard via Cancel on step 0" name="AgentIdentityPage closes wizard via Cancel on step 0" time="0.11">
    </testcase>
    <testcase classname="AgentIdentityPage selects an agent card in grid view" name="AgentIdentityPage selects an agent card in grid view" time="0.066">
    </testcase>
    <testcase classname="AgentIdentityPage switches to list view and back to grid view" name="AgentIdentityPage switches to list view and back to grid view" time="0.126">
    </testcase>
    <testcase classname="AgentIdentityPage selects an agent in list view" name="AgentIdentityPage selects an agent in list view" time="0.067">
    </testcase>
    <testcase classname="AgentIdentityPage closes wizard by clicking backdrop overlay" name="AgentIdentityPage closes wizard by clicking backdrop overlay" time="0.297">
    </testcase>
    <testcase classname="AgentIdentityPage completes wizard by clicking Register Agent on final step" name="AgentIdentityPage completes wizard by clicking Register Agent on final step" time="0.451">
    </testcase>
    <testcase classname="AgentIdentityPage shows agents with different statuses and capabilities in grid" name="AgentIdentityPage shows agents with different statuses and capabilities in grid" time="0.086">
    </testcase>
    <testcase classname="AgentIdentityPage displays M2M verification stats with positive and negative changes" name="AgentIdentityPage displays M2M verification stats with positive and negative changes" time="0.052">
    </testcase>
    <testcase classname="AgentIdentityPage shows agent controls section" name="AgentIdentityPage shows agent controls section" time="0.083">
    </testcase>
  </testsuite>
  <testsuite name="useVotingPower" errors="0" failures="0" skipped="0" timestamp="2026-03-31T10:24:16" time="1.159" tests="22">
    <testcase classname="useVotingPower returns votingPower from on-chain balance" name="useVotingPower returns votingPower from on-chain balance" time="0.011">
    </testcase>
    <testcase classname="useVotingPower returns 0n when no balance" name="useVotingPower returns 0n when no balance" time="0.005">
    </testcase>
    <testcase classname="useVotingPower passes undefined args when address is not connected" name="useVotingPower passes undefined args when address is not connected" time="0.009">
    </testcase>
    <testcase classname="useVotingPower returns false for hasPower when balance is 0n" name="useVotingPower returns false for hasPower when balance is 0n" time="0.001">
    </testcase>
    <testcase classname="useProposals fetches proposals from API" name="useProposals fetches proposals from API" time="0.085">
    </testcase>
    <testcase classname="useProposals applies status and page filters" name="useProposals applies status and page filters" time="0.06">
    </testcase>
    <testcase classname="useProposalDetail returns on-chain votes and API data" name="useProposalDetail returns on-chain votes and API data" time="0.06">
    </testcase>
    <testcase classname="useProposalDetail returns default votes when no on-chain data" name="useProposalDetail returns default votes when no on-chain data" time="0.002">
    </testcase>
    <testcase classname="useCreateProposal submits proposal on-chain and stores metadata" name="useCreateProposal submits proposal on-chain and stores metadata" time="0.007">
    </testcase>
    <testcase classname="useCreateProposal shows error toast on failure" name="useCreateProposal shows error toast on failure" time="0.002">
    </testcase>
    <testcase classname="useVote casts vote on-chain and shows success toast" name="useVote casts vote on-chain and shows success toast" time="0.092">
    </testcase>
    <testcase classname="useVote casts vote with reason when provided" name="useVote casts vote with reason when provided" time="0.002">
    </testcase>
    <testcase classname="useVote shows error toast on failure" name="useVote shows error toast on failure" time="0.002">
    </testcase>
    <testcase classname="useExecuteProposal executes proposal on-chain and shows success toast" name="useExecuteProposal executes proposal on-chain and shows success toast" time="0.003">
    </testcase>
    <testcase classname="useExecuteProposal shows error toast on failure" name="useExecuteProposal shows error toast on failure" time="0.003">
    </testcase>
    <testcase classname="useGovernance returns proposals and votingPower" name="useGovernance returns proposals and votingPower" time="0.055">
    </testcase>
    <testcase classname="useGovernance returns empty proposals when data is undefined" name="useGovernance returns empty proposals when data is undefined" time="0.004">
    </testcase>
    <testcase classname="useGovernance vote() calls mutateAsync with correct support mapping for &quot;for&quot;" name="useGovernance vote() calls mutateAsync with correct support mapping for &quot;for&quot;" time="0.062">
    </testcase>
    <testcase classname="useGovernance vote() uses abstain (2) for unknown support values" name="useGovernance vote() uses abstain (2) for unknown support values" time="0.063">
    </testcase>
    <testcase classname="useGovernance delegate() is a no-op function" name="useGovernance delegate() is a no-op function" time="0.068">
    </testcase>
    <testcase classname="useGovernance returns 0 votingPower when balance is undefined" name="useGovernance returns 0 votingPower when balance is undefined" time="0.011">
    </testcase>
    <testcase classname="useGovernance returns empty proposals when data has no proposals property" name="useGovernance returns empty proposals when data has no proposals property" time="0.058">
    </testcase>
  </testsuite>
  <testsuite name="useAPIKeys" errors="0" failures="0" skipped="0" timestamp="2026-03-31T10:24:16" time="1.162" tests="20">
    <testcase classname="useAPIKeys fetches API keys for connected address" name="useAPIKeys fetches API keys for connected address" time="0.087">
    </testcase>
    <testcase classname="useAPIKeys is disabled when no address" name="useAPIKeys is disabled when no address" time="0.006">
    </testcase>
    <testcase classname="useCreateAPIKey creates API key and shows success toast" name="useCreateAPIKey creates API key and shows success toast" time="0.008">
    </testcase>
    <testcase classname="useCreateAPIKey shows error toast on failure" name="useCreateAPIKey shows error toast on failure" time="0.002">
    </testcase>
    <testcase classname="useRevokeAPIKey revokes API key and shows success toast" name="useRevokeAPIKey revokes API key and shows success toast" time="0.005">
    </testcase>
    <testcase classname="useRevokeAPIKey shows error toast on failure" name="useRevokeAPIKey shows error toast on failure" time="0.004">
    </testcase>
    <testcase classname="useWebhooks fetches webhooks for connected address" name="useWebhooks fetches webhooks for connected address" time="0.057">
    </testcase>
    <testcase classname="useWebhooks is disabled when no address" name="useWebhooks is disabled when no address" time="0.007">
    </testcase>
    <testcase classname="useRegisterWebhook registers webhook and shows success toast" name="useRegisterWebhook registers webhook and shows success toast" time="0.008">
    </testcase>
    <testcase classname="useRegisterWebhook shows error toast on failure" name="useRegisterWebhook shows error toast on failure" time="0.006">
    </testcase>
    <testcase classname="useTestWebhook shows success toast when webhook test delivered" name="useTestWebhook shows success toast when webhook test delivered" time="0.002">
    </testcase>
    <testcase classname="useTestWebhook shows error toast when webhook test fails" name="useTestWebhook shows error toast when webhook test fails" time="0.003">
    </testcase>
    <testcase classname="useTestWebhook shows status code in description when error is undefined" name="useTestWebhook shows status code in description when error is undefined" time="0.003">
    </testcase>
    <testcase classname="useTestWebhook shows error toast on request failure" name="useTestWebhook shows error toast on request failure" time="0.003">
    </testcase>
    <testcase classname="useSLAReport fetches SLA report with default period" name="useSLAReport fetches SLA report with default period" time="0.057">
    </testcase>
    <testcase classname="useSLAReport accepts custom period" name="useSLAReport accepts custom period" time="0.058">
    </testcase>
    <testcase classname="useSLAReport is disabled when no address" name="useSLAReport is disabled when no address" time="0.005">
    </testcase>
    <testcase classname="useUsageMetrics fetches usage metrics with default period" name="useUsageMetrics fetches usage metrics with default period" time="0.059">
    </testcase>
    <testcase classname="useUsageMetrics accepts custom period" name="useUsageMetrics accepts custom period" time="0.059">
    </testcase>
    <testcase classname="useUsageMetrics is disabled when no address" name="useUsageMetrics is disabled when no address" time="0.001">
    </testcase>
  </testsuite>
  <testsuite name="ProofGenerator" errors="0" failures="0" skipped="0" timestamp="2026-03-31T10:24:17" time="0.881" tests="16">
    <testcase classname="ProofGenerator renders idle state" name="ProofGenerator renders idle state" time="0.014">
    </testcase>
    <testcase classname="ProofGenerator renders generate button in idle state" name="ProofGenerator renders generate button in idle state" time="0.015">
    </testcase>
    <testcase classname="ProofGenerator renders ZK Circuit heading" name="ProofGenerator renders ZK Circuit heading" time="0.008">
    </testcase>
    <testcase classname="ProofGenerator renders stage step labels" name="ProofGenerator renders stage step labels" time="0.008">
    </testcase>
    <testcase classname="ProofGenerator starts proof generation when button is clicked" name="ProofGenerator starts proof generation when button is clicked" time="0.009">
    </testcase>
    <testcase classname="ProofGenerator progresses through stages and calls onProofGenerated" name="ProofGenerator progresses through stages and calls onProofGenerated" time="0.038">
    </testcase>
    <testcase classname="ProofGenerator shows error state when proof generation fails" name="ProofGenerator shows error state when proof generation fails" time="0.032">
    </testcase>
    <testcase classname="ProofGenerator shows generic error message for non-Error throw (line 94)" name="ProofGenerator shows generic error message for non-Error throw (line 94)" time="0.035">
    </testcase>
    <testcase classname="ProofGenerator shows generate button again in error state" name="ProofGenerator shows generate button again in error state" time="0.024">
    </testcase>
    <testcase classname="ProofGenerator renders circuit nodes and edges" name="ProofGenerator renders circuit nodes and edges" time="0.004">
    </testcase>
    <testcase classname="ProofGenerator activates circuit nodes during computing-witness stage (covers node highlighting branches)" name="ProofGenerator activates circuit nodes during computing-witness stage (covers node highlighting branches)" time="0.036">
    </testcase>
    <testcase classname="ProofGenerator activates circuit nodes during generating-proof stage (covers remaining branch)" name="ProofGenerator activates circuit nodes during generating-proof stage (covers remaining branch)" time="0.025">
    </testcase>
    <testcase classname="ProofGenerator renders circuit nodes with non-highlighted fill during loading-wasm stage" name="ProofGenerator renders circuit nodes with non-highlighted fill during loading-wasm stage" time="0.051">
    </testcase>
    <testcase classname="ProofGenerator renders circuit nodes with secondary fill in idle stage" name="ProofGenerator renders circuit nodes with secondary fill in idle stage" time="0.003">
    </testcase>
    <testcase classname="ProofGenerator renders circuit nodes with highlighted fill during generating-proof stage (covers idx &gt;= 4 branch)" name="ProofGenerator renders circuit nodes with highlighted fill during generating-proof stage (covers idx &gt;= 4 branch)" time="0.02">
    </testcase>
    <testcase classname="ProofGenerator shows complete stage with correct styling after successful generation" name="ProofGenerator shows complete stage with correct styling after successful generation" time="0.013">
    </testcase>
  </testsuite>
  <testsuite name="useZKProof" errors="0" failures="0" skipped="0" timestamp="2026-03-31T10:24:16" time="0.958" tests="10">
    <testcase classname="useZKProof exposes all expected properties" name="useZKProof exposes all expected properties" time="0.021">
    </testcase>
    <testcase classname="useZKProof generates a proof successfully" name="useZKProof generates a proof successfully" time="0.05">
    </testcase>
    <testcase classname="useZKProof fetches WASM and zkey from circuit URL" name="useZKProof fetches WASM and zkey from circuit URL" time="0.003">
    </testcase>
    <testcase classname="useZKProof sets error progress and shows toast on generation failure" name="useZKProof sets error progress and shows toast on generation failure" time="0.005">
    </testcase>
    <testcase classname="useZKProof does not show toast on AbortError" name="useZKProof does not show toast on AbortError" time="0.004">
    </testcase>
    <testcase classname="useZKProof cancelGeneration resets progress to idle" name="useZKProof cancelGeneration resets progress to idle" time="0.004">
    </testcase>
    <testcase classname="useProofHistory fetches proof history for address" name="useProofHistory fetches proof history for address" time="0.061">
    </testcase>
    <testcase classname="useProofHistory is disabled when address is undefined" name="useProofHistory is disabled when address is undefined" time="0.005">
    </testcase>
    <testcase classname="verifyProof (on-chain) verifies proof on-chain and records via API" name="verifyProof (on-chain) verifies proof on-chain and records via API" time="0.012">
    </testcase>
    <testcase classname="verifyProof (on-chain) shows error toast on verification failure" name="verifyProof (on-chain) shows error toast on verification failure" time="0.007">
    </testcase>
  </testsuite>
  <testsuite name="AnalyticsPage" errors="0" failures="0" skipped="0" timestamp="2026-03-31T10:24:15" time="1.96" tests="12">
    <testcase classname="AnalyticsPage renders without crashing" name="AnalyticsPage renders without crashing" time="0.053">
    </testcase>
    <testcase classname="AnalyticsPage displays the page heading" name="AnalyticsPage displays the page heading" time="0.051">
    </testcase>
    <testcase classname="AnalyticsPage shows Credential Usage tab by default" name="AnalyticsPage shows Credential Usage tab by default" time="0.083">
    </testcase>
    <testcase classname="AnalyticsPage switches time range" name="AnalyticsPage switches time range" time="0.122">
    </testcase>
    <testcase classname="AnalyticsPage switches to Privacy Analysis tab" name="AnalyticsPage switches to Privacy Analysis tab" time="0.112">
    </testcase>
    <testcase classname="AnalyticsPage shows privacy analysis details" name="AnalyticsPage shows privacy analysis details" time="0.104">
    </testcase>
    <testcase classname="AnalyticsPage switches to Identity Health tab" name="AnalyticsPage switches to Identity Health tab" time="0.348">
    </testcase>
    <testcase classname="AnalyticsPage switches to Network Analytics tab" name="AnalyticsPage switches to Network Analytics tab" time="0.342">
    </testcase>
    <testcase classname="AnalyticsPage switches between all time ranges" name="AnalyticsPage switches between all time ranges" time="0.313">
    </testcase>
    <testcase classname="AnalyticsPage shows exposure timeline with different methods" name="AnalyticsPage shows exposure timeline with different methods" time="0.125">
    </testcase>
    <testcase classname="AnalyticsPage shows verifier analytics table in usage tab" name="AnalyticsPage shows verifier analytics table in usage tab" time="0.038">
    </testcase>
    <testcase classname="AnalyticsPage shows credential type breakdown in usage tab" name="AnalyticsPage shows credential type breakdown in usage tab" time="0.044">
    </testcase>
  </testsuite>
  <testsuite name="ProofVisualization" errors="0" failures="0" skipped="0" timestamp="2026-03-31T10:24:17" time="0.781" tests="22">
    <testcase classname="ProofVisualization renders proof hash" name="ProofVisualization renders proof hash" time="0.064">
    </testcase>
    <testcase classname="ProofVisualization renders protocol and curve" name="ProofVisualization renders protocol and curve" time="0.009">
    </testcase>
    <testcase classname="ProofVisualization renders ZK Proof status text in default state" name="ProofVisualization renders ZK Proof status text in default state" time="0.088">
    </testcase>
    <testcase classname="ProofVisualization renders Verifying state" name="ProofVisualization renders Verifying state" time="0.007">
    </testcase>
    <testcase classname="ProofVisualization renders Verified state" name="ProofVisualization renders Verified state" time="0.005">
    </testcase>
    <testcase classname="ProofVisualization renders proof details by default" name="ProofVisualization renders proof details by default" time="0.007">
    </testcase>
    <testcase classname="ProofVisualization renders public input count" name="ProofVisualization renders public input count" time="0.004">
    </testcase>
    <testcase classname="ProofVisualization hides details when showDetails is false" name="ProofVisualization hides details when showDetails is false" time="0.008">
    </testcase>
    <testcase classname="ProofVisualization renders copy button for proof hash" name="ProofVisualization renders copy button for proof hash" time="0.008">
    </testcase>
    <testcase classname="ProofVisualization handles copy hash action" name="ProofVisualization handles copy hash action" time="0.003">
    </testcase>
    <testcase classname="ProofVisualization renders default protocol/curve when not provided" name="ProofVisualization renders default protocol/curve when not provided" time="0.009">
    </testcase>
    <testcase classname="ProofVisualization renders fingerprint icon in default state" name="ProofVisualization renders fingerprint icon in default state" time="0.004">
    </testcase>
    <testcase classname="ProofVisualization runs verifying interval and cleans up (covers useEffect interval)" name="ProofVisualization runs verifying interval and cleans up (covers useEffect interval)" time="0.004">
    </testcase>
    <testcase classname="ProofVisualization caps ring progress at 95 during verifying" name="ProofVisualization caps ring progress at 95 during verifying" time="0.01">
    </testcase>
    <testcase classname="ProofVisualization sets ring progress to 100 when isVerified changes to true" name="ProofVisualization sets ring progress to 100 when isVerified changes to true" time="0.005">
    </testcase>
    <testcase classname="ProofVisualization handles clipboard API failure gracefully" name="ProofVisualization handles clipboard API failure gracefully" time="0.013">
    </testcase>
    <testcase classname="ProofVisualization shows orbiting dots when verifying" name="ProofVisualization shows orbiting dots when verifying" time="0.004">
    </testcase>
    <testcase classname="ProofVisualization shows verification checkmark badge when verified" name="ProofVisualization shows verification checkmark badge when verified" time="0.019">
    </testcase>
    <testcase classname="ProofVisualization renders created time from proof.createdAt" name="ProofVisualization renders created time from proof.createdAt" time="0.002">
    </testcase>
    <testcase classname="ProofVisualization shows -- when createdAt is not provided" name="ProofVisualization shows -- when createdAt is not provided" time="0.001">
    </testcase>
    <testcase classname="ProofVisualization shows copied state after successful copy" name="ProofVisualization shows copied state after successful copy" time="0.008">
    </testcase>
    <testcase classname="ProofVisualization renders default publicInputCount as 0 when not provided" name="ProofVisualization renders default publicInputCount as 0 when not provided" time="0.007">
    </testcase>
  </testsuite>
  <testsuite name="WalletButton" errors="0" failures="0" skipped="0" timestamp="2026-03-31T10:24:17" time="0.432" tests="17">
    <testcase classname="WalletButton renders loading skeleton when not ready (not mounted)" name="WalletButton renders loading skeleton when not ready (not mounted)" time="0.024">
    </testcase>
    <testcase classname="WalletButton renders loading skeleton when authentication is loading" name="WalletButton renders loading skeleton when authentication is loading" time="0.005">
    </testcase>
    <testcase classname="WalletButton renders Connect button when not connected" name="WalletButton renders Connect button when not connected" time="0.008">
    </testcase>
    <testcase classname="WalletButton renders account info when connected with chain icon" name="WalletButton renders account info when connected with chain icon" time="0.007">
    </testcase>
    <testcase classname="WalletButton shows Wrong Network when chain is unsupported" name="WalletButton shows Wrong Network when chain is unsupported" time="0.005">
    </testcase>
    <testcase classname="WalletButton applies custom className" name="WalletButton applies custom className" time="0.001">
    </testcase>
    <testcase classname="WalletButton renders connected state without chain icon when hasIcon is false" name="WalletButton renders connected state without chain icon when hasIcon is false" time="0.004">
    </testcase>
    <testcase classname="WalletButton renders connected state without displayBalance" name="WalletButton renders connected state without displayBalance" time="0.009">
    </testcase>
    <testcase classname="WalletButton does not render chain icon when hasIcon is true but iconUrl is undefined (line 93)" name="WalletButton does not render chain icon when hasIcon is true but iconUrl is undefined (line 93)" time="0.005">
    </testcase>
[...]
    </testcase>
    <testcase classname="constants - convenience aliases exports GOVERNANCE_TOKEN_ABI as an array" name="constants - convenience aliases exports GOVERNANCE_TOKEN_ABI as an array" time="0.001">
    </testcase>
    <testcase classname="constants - ATTRIBUTE_KEYS exports all attribute key values" name="constants - ATTRIBUTE_KEYS exports all attribute key values" time="0.001">
    </testcase>
    <testcase classname="constants - all CONTRACT_ADDRESSES keys exports all enterprise contract addresses" name="constants - all CONTRACT_ADDRESSES keys exports all enterprise contract addresses" time="0">
    </testcase>
    <testcase classname="constants - TEE freshness exhaustive exports all platform freshness values" name="constants - TEE freshness exhaustive exports all platform freshness values" time="0">
    </testcase>
    <testcase classname="constants - TEE endpoints exhaustive exports all TEE endpoint paths" name="constants - TEE endpoints exhaustive exports all TEE endpoint paths" time="0">
    </testcase>
    <testcase classname="constants - circuit metadata exhaustive exports full metadata for all circuits" name="constants - circuit metadata exhaustive exports full metadata for all circuits" time="0.002">
    </testcase>
  </testsuite>
  <testsuite name="useUAEPass" errors="0" failures="0" skipped="0" timestamp="2026-03-31T10:24:22" time="0.135" tests="5">
    <testcase classname="useUAEPass starts with idle status and isVerified=false" name="useUAEPass starts with idle status and isVerified=false" time="0.001">
    </testcase>
    <testcase classname="useUAEPass transitions to pending when initiateVerification is called" name="useUAEPass transitions to pending when initiateVerification is called" time="0.001">
    </testcase>
    <testcase classname="useUAEPass transitions to verified after timeout" name="useUAEPass transitions to verified after timeout" time="0">
    </testcase>
    <testcase classname="useUAEPass does not change to verified before 2 seconds" name="useUAEPass does not change to verified before 2 seconds" time="0.001">
    </testcase>
    <testcase classname="useUAEPass initiateVerification is stable across renders (useCallback)" name="useUAEPass initiateVerification is stable across renders (useCallback)" time="0">
    </testcase>
  </testsuite>
  <testsuite name="JURISDICTIONS" errors="0" failures="0" skipped="0" timestamp="2026-03-31T10:24:22" time="0.145" tests="88">
    <testcase classname="JURISDICTIONS contains exactly 9 jurisdictions" name="JURISDICTIONS contains exactly 9 jurisdictions" time="0">
    </testcase>
    <testcase classname="JURISDICTIONS contains jurisdiction &quot;uae&quot;" name="JURISDICTIONS contains jurisdiction &quot;uae&quot;" time="0.001">
    </testcase>
    <testcase classname="JURISDICTIONS contains jurisdiction &quot;eu&quot;" name="JURISDICTIONS contains jurisdiction &quot;eu&quot;" time="0">
    </testcase>
    <testcase classname="JURISDICTIONS contains jurisdiction &quot;us&quot;" name="JURISDICTIONS contains jurisdiction &quot;us&quot;" time="0.002">
    </testcase>
    <testcase classname="JURISDICTIONS contains jurisdiction &quot;sg&quot;" name="JURISDICTIONS contains jurisdiction &quot;sg&quot;" time="0.001">
    </testcase>
    <testcase classname="JURISDICTIONS contains jurisdiction &quot;uk&quot;" name="JURISDICTIONS contains jurisdiction &quot;uk&quot;" time="0.001">
    </testcase>
    <testcase classname="JURISDICTIONS contains jurisdiction &quot;bh&quot;" name="JURISDICTIONS contains jurisdiction &quot;bh&quot;" time="0">
    </testcase>
    <testcase classname="JURISDICTIONS contains jurisdiction &quot;sa&quot;" name="JURISDICTIONS contains jurisdiction &quot;sa&quot;" time="0.001">
    </testcase>
    <testcase classname="JURISDICTIONS contains jurisdiction &quot;hk&quot;" name="JURISDICTIONS contains jurisdiction &quot;hk&quot;" time="0">
    </testcase>
    <testcase classname="JURISDICTIONS contains jurisdiction &quot;jp&quot;" name="JURISDICTIONS contains jurisdiction &quot;jp&quot;" time="0">
    </testcase>
    <testcase classname="JURISDICTIONS jurisdiction &quot;uae&quot; has required structural fields" name="JURISDICTIONS jurisdiction &quot;uae&quot; has required structural fields" time="0.003">
    </testcase>
    <testcase classname="JURISDICTIONS jurisdiction &quot;eu&quot; has required structural fields" name="JURISDICTIONS jurisdiction &quot;eu&quot; has required structural fields" time="0.002">
    </testcase>
    <testcase classname="JURISDICTIONS jurisdiction &quot;us&quot; has required structural fields" name="JURISDICTIONS jurisdiction &quot;us&quot; has required structural fields" time="0.002">
    </testcase>
    <testcase classname="JURISDICTIONS jurisdiction &quot;sg&quot; has required structural fields" name="JURISDICTIONS jurisdiction &quot;sg&quot; has required structural fields" time="0">
    </testcase>
    <testcase classname="JURISDICTIONS jurisdiction &quot;uk&quot; has required structural fields" name="JURISDICTIONS jurisdiction &quot;uk&quot; has required structural fields" time="0.001">
    </testcase>
    <testcase classname="JURISDICTIONS jurisdiction &quot;bh&quot; has required structural fields" name="JURISDICTIONS jurisdiction &quot;bh&quot; has required structural fields" time="0.007">
    </testcase>
    <testcase classname="JURISDICTIONS jurisdiction &quot;sa&quot; has required structural fields" name="JURISDICTIONS jurisdiction &quot;sa&quot; has required structural fields" time="0">
    </testcase>
    <testcase classname="JURISDICTIONS jurisdiction &quot;hk&quot; has required structural fields" name="JURISDICTIONS jurisdiction &quot;hk&quot; has required structural fields" time="0.001">
    </testcase>
    <testcase classname="JURISDICTIONS jurisdiction &quot;jp&quot; has required structural fields" name="JURISDICTIONS jurisdiction &quot;jp&quot; has required structural fields" time="0">
    </testcase>
    <testcase classname="JURISDICTIONS jurisdiction &quot;uae&quot; scoring weights sum to ~1.0" name="JURISDICTIONS jurisdiction &quot;uae&quot; scoring weights sum to ~1.0" time="0">
    </testcase>
    <testcase classname="JURISDICTIONS jurisdiction &quot;eu&quot; scoring weights sum to ~1.0" name="JURISDICTIONS jurisdiction &quot;eu&quot; scoring weights sum to ~1.0" time="0">
    </testcase>
    <testcase classname="JURISDICTIONS jurisdiction &quot;us&quot; scoring weights sum to ~1.0" name="JURISDICTIONS jurisdiction &quot;us&quot; scoring weights sum to ~1.0" time="0">
    </testcase>
    <testcase classname="JURISDICTIONS jurisdiction &quot;sg&quot; scoring weights sum to ~1.0" name="JURISDICTIONS jurisdiction &quot;sg&quot; scoring weights sum to ~1.0" time="0">
    </testcase>
    <testcase classname="JURISDICTIONS jurisdiction &quot;uk&quot; scoring weights sum to ~1.0" name="JURISDICTIONS jurisdiction &quot;uk&quot; scoring weights sum to ~1.0" time="0">
    </testcase>
    <testcase classname="JURISDICTIONS jurisdiction &quot;bh&quot; scoring weights sum to ~1.0" name="JURISDICTIONS jurisdiction &quot;bh&quot; scoring weights sum to ~1.0" time="0">
    </testcase>
    <testcase classname="JURISDICTIONS jurisdiction &quot;sa&quot; scoring weights sum to ~1.0" name="JURISDICTIONS jurisdiction &quot;sa&quot; scoring weights sum to ~1.0" time="0">
    </testcase>
    <testcase classname="JURISDICTIONS jurisdiction &quot;hk&quot; scoring weights sum to ~1.0" name="JURISDICTIONS jurisdiction &quot;hk&quot; scoring weights sum to ~1.0" time="0">
    </testcase>
    <testcase classname="JURISDICTIONS jurisdiction &quot;jp&quot; scoring weights sum to ~1.0" name="JURISDICTIONS jurisdiction &quot;jp&quot; scoring weights sum to ~1.0" time="0.001">
    </testcase>
    <testcase classname="JURISDICTIONS jurisdiction &quot;uae&quot; credential requirements have valid structure" name="JURISDICTIONS jurisdiction &quot;uae&quot; credential requirements have valid structure" time="0">
    </testcase>
    <testcase classname="JURISDICTIONS jurisdiction &quot;eu&quot; credential requirements have valid structure" name="JURISDICTIONS jurisdiction &quot;eu&quot; credential requirements have valid structure" time="0.001">
    </testcase>
    <testcase classname="JURISDICTIONS jurisdiction &quot;us&quot; credential requirements have valid structure" name="JURISDICTIONS jurisdiction &quot;us&quot; credential requirements have valid structure" time="0.001">
    </testcase>
    <testcase classname="JURISDICTIONS jurisdiction &quot;sg&quot; credential requirements have valid structure" name="JURISDICTIONS jurisdiction &quot;sg&quot; credential requirements have valid structure" time="0">
    </testcase>
    <testcase classname="JURISDICTIONS jurisdiction &quot;uk&quot; credential requirements have valid structure" name="JURISDICTIONS jurisdiction &quot;uk&quot; credential requirements have valid structure" time="0.001">
    </testcase>
    <testcase classname="JURISDICTIONS jurisdiction &quot;bh&quot; credential requirements have valid structure" name="JURISDICTIONS jurisdiction &quot;bh&quot; credential requirements have valid structure" time="0">
    </testcase>
    <testcase classname="JURISDICTIONS jurisdiction &quot;sa&quot; credential requirements have valid structure" name="JURISDICTIONS jurisdiction &quot;sa&quot; credential requirements have valid structure" time="0.001">
    </testcase>
    <testcase classname="JURISDICTIONS jurisdiction &quot;hk&quot; credential requirements have valid structure" name="JURISDICTIONS jurisdiction &quot;hk&quot; credential requirements have valid structure" time="0.001">
    </testcase>
    <testcase classname="JURISDICTIONS jurisdiction &quot;jp&quot; credential requirements have valid structure" name="JURISDICTIONS jurisdiction &quot;jp&quot; credential requirements have valid structure" time="0">
    </testcase>
    <testcase classname="JURISDICTIONS UAE has region &quot;mena&quot;" name="JURISDICTIONS UAE has region &quot;mena&quot;" time="0.001">
    </testcase>
    <testcase classname="JURISDICTIONS EU has region &quot;eu&quot;" name="JURISDICTIONS EU has region &quot;eu&quot;" time="0">
    </testcase>
    <testcase classname="JURISDICTIONS US has region &quot;americas&quot;" name="JURISDICTIONS US has region &quot;americas&quot;" time="0">
    </testcase>
    <testcase classname="JURISDICTIONS Singapore has region &quot;apac&quot;" name="JURISDICTIONS Singapore has region &quot;apac&quot;" time="0">
    </testcase>
    <testcase classname="JURISDICTIONS UK has region &quot;eu&quot;" name="JURISDICTIONS UK has region &quot;eu&quot;" time="0">
    </testcase>
    <testcase classname="JURISDICTIONS Saudi Arabia has the highest retention days (3650)" name="JURISDICTIONS Saudi Arabia has the highest retention days (3650)" time="0">
    </testcase>
    <testcase classname="JURISDICTIONS Bahrain has kycLevel 2 (lower than others)" name="JURISDICTIONS Bahrain has kycLevel 2 (lower than others)" time="0">
    </testcase>
    <testcase classname="CROSS_BORDER_MATRIX has entries for all 9 jurisdictions" name="CROSS_BORDER_MATRIX has entries for all 9 jurisdictions" time="0">
    </testcase>
    <testcase classname="CROSS_BORDER_MATRIX GCC countries have high compatibility (&gt;=90)" name="CROSS_BORDER_MATRIX GCC countries have high compatibility (&gt;=90)" time="0">
    </testcase>
    <testcase classname="CROSS_BORDER_MATRIX EU-Japan have high compatibility due to adequacy decision" name="CROSS_BORDER_MATRIX EU-Japan have high compatibility due to adequacy decision" time="0">
    </testcase>
    <testcase classname="CROSS_BORDER_MATRIX compatibility entries have valid score range (0-100)" name="CROSS_BORDER_MATRIX compatibility entries have valid score range (0-100)" time="0.018">
    </testcase>
    <testcase classname="CROSS_BORDER_MATRIX does not have self-referencing entries" name="CROSS_BORDER_MATRIX does not have self-referencing entries" time="0">
    </testcase>
    <testcase classname="getAllJurisdictionIds returns all 9 jurisdiction IDs" name="getAllJurisdictionIds returns all 9 jurisdiction IDs" time="0.001">
    </testcase>
    <testcase classname="getAllJurisdictionIds returns strings (not objects)" name="getAllJurisdictionIds returns strings (not objects)" time="0">
    </testcase>
    <testcase classname="getJurisdictionsByRegion returns MENA jurisdictions (uae, bh, sa)" name="getJurisdictionsByRegion returns MENA jurisdictions (uae, bh, sa)" time="0">
    </testcase>
    <testcase classname="getJurisdictionsByRegion returns EU jurisdictions (eu, uk)" name="getJurisdictionsByRegion returns EU jurisdictions (eu, uk)" time="0">
    </testcase>
    <testcase classname="getJurisdictionsByRegion returns Americas jurisdictions (us)" name="getJurisdictionsByRegion returns Americas jurisdictions (us)" time="0.001">
    </testcase>
    <testcase classname="getJurisdictionsByRegion returns APAC jurisdictions (sg, hk, jp)" name="getJurisdictionsByRegion returns APAC jurisdictions (sg, hk, jp)" time="0">
    </testcase>
    <testcase classname="getJurisdictionsByRegion returns empty array for non-existent region" name="getJurisdictionsByRegion returns empty array for non-existent region" time="0">
    </testcase>
    <testcase classname="getCrossBorderCompatibility returns compatibility for UAE-&gt;EU" name="getCrossBorderCompatibility returns compatibility for UAE-&gt;EU" time="0">
    </testcase>
    <testcase classname="getCrossBorderCompatibility returns compatibility for US-&gt;UK" name="getCrossBorderCompatibility returns compatibility for US-&gt;UK" time="0">
    </testcase>
    <testcase classname="getCrossBorderCompatibility returns null for same jurisdiction (no self-entry)" name="getCrossBorderCompatibility returns null for same jurisdiction (no self-entry)" time="0">
    </testcase>
    <testcase classname="getCrossBorderCompatibility returns null for non-existing pair" name="getCrossBorderCompatibility returns null for non-existing pair" time="0">
    </testcase>
    <testcase classname="getCrossBorderCompatibility returns bilateral agreements when present" name="getCrossBorderCompatibility returns bilateral agreements when present" time="0">
    </testcase>
    <testcase classname="getCrossBorderCompatibility returns additional requirements when present" name="getCrossBorderCompatibility returns additional requirements when present" time="0">
    </testcase>
    <testcase classname="getJurisdictionsRequiringSchema returns all jurisdictions requiring &quot;gov_id&quot; schema" name="getJurisdictionsRequiringSchema returns all jurisdictions requiring &quot;gov_id&quot; schema" time="0">
    </testcase>
    <testcase classname="getJurisdictionsRequiringSchema returns all jurisdictions requiring &quot;kyc_aml&quot; schema" name="getJurisdictionsRequiringSchema returns all jurisdictions requiring &quot;kyc_aml&quot; schema" time="0">
    </testcase>
    <testcase classname="getJurisdictionsRequiringSchema returns only jurisdictions where schema is mandatory when mandatoryOnly=true" name="getJurisdictionsRequiringSchema returns only jurisdictions where schema is mandatory when mandatoryOnly=true" time="0.001">
    </testcase>
    <testcase classname="getJurisdictionsRequiringSchema returns empty for non-existent schema" name="getJurisdictionsRequiringSchema returns empty for non-existent schema" time="0">
    </testcase>
    <testcase classname="getJurisdictionsRequiringSchema includes non-mandatory results when mandatoryOnly=false (default)" name="getJurisdictionsRequiringSchema includes non-mandatory results when mandatoryOnly=false (default)" time="0">
    </testcase>
    <testcase classname="getJurisdictionsRequiringSchema excludes non-mandatory results when mandatoryOnly=true" name="getJurisdictionsRequiringSchema excludes non-mandatory results when mandatoryOnly=true" time="0">
    </testcase>
    <testcase classname="getJurisdictionsRequiringSchema finds US-specific &quot;ssn_verification&quot; schema" name="getJurisdictionsRequiringSchema finds US-specific &quot;ssn_verification&quot; schema" time="0">
    </testcase>
    <testcase classname="getJurisdictionsRequiringSchema finds US-specific &quot;ofac_screen&quot; schema" name="getJurisdictionsRequiringSchema finds US-specific &quot;ofac_screen&quot; schema" time="0">
    </testcase>
    <testcase classname="getJurisdictionsRequiringSchema finds SA-specific &quot;absher_verification&quot; schema" name="getJurisdictionsRequiringSchema finds SA-specific &quot;absher_verification&quot; schema" time="0">
    </testcase>
    <testcase classname="getJurisdictionsRequiringSchema finds HK &quot;professional_investor&quot; schema" name="getJurisdictionsRequiringSchema finds HK &quot;professional_investor&quot; schema" time="0">
    </testcase>
    <testcase classname="getStrictestRetentionDays returns the max retention days for a single jurisdiction" name="getStrictestRetentionDays returns the max retention days for a single jurisdiction" time="0.001">
    </testcase>
    <testcase classname="getStrictestRetentionDays returns the max across multiple jurisdictions" name="getStrictestRetentionDays returns the max across multiple jurisdictions" time="0">
    </testcase>
    <testcase classname="getStrictestRetentionDays returns SA retention as strictest among all jurisdictions" name="getStrictestRetentionDays returns SA retention as strictest among all jurisdictions" time="0">
    </testcase>
    <testcase classname="getStrictestRetentionDays returns HK retention (2190) correctly" name="getStrictestRetentionDays returns HK retention (2190) correctly" time="0">
    </testcase>
    <testcase classname="getStrictestRetentionDays returns JP retention (2555) correctly" name="getStrictestRetentionDays returns JP retention (2555) correctly" time="0">
    </testcase>
    <testcase classname="getStrictestRetentionDays returns -Infinity for empty array" name="getStrictestRetentionDays returns -Infinity for empty array" time="0">
    </testcase>
    <testcase classname="getStrictestRetentionDays handles unknown jurisdiction ID gracefully (defaults to 0)" name="getStrictestRetentionDays handles unknown jurisdiction ID gracefully (defaults to 0)" time="0">
    </testcase>
    <testcase classname="getStrictestRetentionDays picks correct max when mixing known and unknown" name="getStrictestRetentionDays picks correct max when mixing known and unknown" time="0">
    </testcase>
    <testcase classname="getHighestKYCLevel returns KYC level for a single jurisdiction" name="getHighestKYCLevel returns KYC level for a single jurisdiction" time="0">
    </testcase>
    <testcase classname="getHighestKYCLevel returns the max KYC level across multiple jurisdictions" name="getHighestKYCLevel returns the max KYC level across multiple jurisdictions" time="0">
    </testcase>
    <testcase classname="getHighestKYCLevel returns 3 for most jurisdictions" name="getHighestKYCLevel returns 3 for most jurisdictions" time="0">
    </testcase>
    <testcase classname="getHighestKYCLevel returns BH KYC level 2 when only BH is provided" name="getHighestKYCLevel returns BH KYC level 2 when only BH is provided" time="0.001">
    </testcase>
    <testcase classname="getHighestKYCLevel returns -Infinity for empty array" name="getHighestKYCLevel returns -Infinity for empty array" time="0">
    </testcase>
    <testcase classname="getHighestKYCLevel handles unknown jurisdiction ID gracefully (defaults to 0)" name="getHighestKYCLevel handles unknown jurisdiction ID gracefully (defaults to 0)" time="0">
    </testcase>
    <testcase classname="getHighestKYCLevel picks correct max when mixing known and unknown" name="getHighestKYCLevel picks correct max when mixing known and unknown" time="0">
    </testcase>
    <testcase classname="getHighestKYCLevel returns 3 when all jurisdictions are included" name="getHighestKYCLevel returns 3 when all jurisdictions are included" time="0">
    </testcase>
  </testsuite>
</testsuites>