mode: set
github.com/aethelred/zeroid-sdk-go/registry/abi.go:62.49,63.15 1 1
github.com/aethelred/zeroid-sdk-go/registry/abi.go:63.15,65.3 1 1
github.com/aethelred/zeroid-sdk-go/registry/abi.go:66.2,92.17 20 1
github.com/aethelred/zeroid-sdk-go/registry/abi.go:96.53,97.20 1 1
github.com/aethelred/zeroid-sdk-go/registry/abi.go:97.20,99.3 1 1
github.com/aethelred/zeroid-sdk-go/registry/abi.go:101.2,119.43 13 1
github.com/aethelred/zeroid-sdk-go/registry/abi.go:119.43,121.3 1 1
github.com/aethelred/zeroid-sdk-go/registry/abi.go:122.2,125.26 3 1
github.com/aethelred/zeroid-sdk-go/registry/abi.go:125.26,127.3 1 1
github.com/aethelred/zeroid-sdk-go/registry/abi.go:128.2,131.39 3 1
github.com/aethelred/zeroid-sdk-go/registry/abi.go:131.39,133.3 1 1
github.com/aethelred/zeroid-sdk-go/registry/abi.go:134.2,137.16 3 1
github.com/aethelred/zeroid-sdk-go/registry/abi.go:141.55,142.17 1 1
github.com/aethelred/zeroid-sdk-go/registry/abi.go:142.17,144.3 1 1
github.com/aethelred/zeroid-sdk-go/registry/abi.go:145.2,175.17 23 1
github.com/aethelred/zeroid-sdk-go/registry/abi.go:179.57,180.20 1 1
github.com/aethelred/zeroid-sdk-go/registry/abi.go:180.20,182.3 1 1
github.com/aethelred/zeroid-sdk-go/registry/abi.go:184.2,205.39 15 1
github.com/aethelred/zeroid-sdk-go/registry/abi.go:205.39,207.3 1 1
github.com/aethelred/zeroid-sdk-go/registry/abi.go:208.2,211.26 3 1
github.com/aethelred/zeroid-sdk-go/registry/abi.go:211.26,213.3 1 1
github.com/aethelred/zeroid-sdk-go/registry/abi.go:214.2,217.40 3 1
github.com/aethelred/zeroid-sdk-go/registry/abi.go:217.40,219.3 1 1
github.com/aethelred/zeroid-sdk-go/registry/abi.go:220.2,222.18 2 1
github.com/aethelred/zeroid-sdk-go/registry/client.go:32.34,38.2 1 1
github.com/aethelred/zeroid-sdk-go/registry/client.go:41.71,43.9 2 1
github.com/aethelred/zeroid-sdk-go/registry/client.go:43.9,45.3 1 1
github.com/aethelred/zeroid-sdk-go/registry/client.go:46.2,46.16 1 1
github.com/aethelred/zeroid-sdk-go/registry/client.go:50.76,52.9 2 1
github.com/aethelred/zeroid-sdk-go/registry/client.go:52.9,54.3 1 1
github.com/aethelred/zeroid-sdk-go/registry/client.go:55.2,55.18 1 1
github.com/aethelred/zeroid-sdk-go/registry/client.go:59.65,61.9 2 1
github.com/aethelred/zeroid-sdk-go/registry/client.go:61.9,63.3 1 1
github.com/aethelred/zeroid-sdk-go/registry/client.go:64.2,64.22 1 1
