mode: set
github.com/aethelred/zeroid-sdk-go/tee/attestation.go:64.52,66.36 2 1
github.com/aethelred/zeroid-sdk-go/tee/attestation.go:66.36,68.3 1 1
github.com/aethelred/zeroid-sdk-go/tee/attestation.go:69.2,72.3 1 1
github.com/aethelred/zeroid-sdk-go/tee/attestation.go:77.65,79.2 1 1
github.com/aethelred/zeroid-sdk-go/tee/attestation.go:82.84,84.2 1 1
github.com/aethelred/zeroid-sdk-go/tee/attestation.go:89.72,91.19 2 1
github.com/aethelred/zeroid-sdk-go/tee/attestation.go:91.19,93.3 1 1
github.com/aethelred/zeroid-sdk-go/tee/attestation.go:94.2,94.12 1 1
github.com/aethelred/zeroid-sdk-go/tee/attestation.go:98.72,101.2 2 1
github.com/aethelred/zeroid-sdk-go/tee/attestation.go:104.90,106.2 1 1
github.com/aethelred/zeroid-sdk-go/tee/attestation.go:108.86,115.19 2 1
github.com/aethelred/zeroid-sdk-go/tee/attestation.go:115.19,119.3 3 1
github.com/aethelred/zeroid-sdk-go/tee/attestation.go:121.2,134.12 6 1
github.com/aethelred/zeroid-sdk-go/tee/attestation.go:134.12,143.3 3 1
github.com/aethelred/zeroid-sdk-go/tee/attestation.go:145.2,145.15 1 1
github.com/aethelred/zeroid-sdk-go/tee/attestation.go:148.101,149.40 1 1
github.com/aethelred/zeroid-sdk-go/tee/attestation.go:149.40,153.3 3 1
github.com/aethelred/zeroid-sdk-go/tee/attestation.go:153.8,155.3 1 1
github.com/aethelred/zeroid-sdk-go/tee/attestation.go:158.102,159.32 1 1
github.com/aethelred/zeroid-sdk-go/tee/attestation.go:159.32,163.3 3 1
github.com/aethelred/zeroid-sdk-go/tee/attestation.go:163.8,165.3 1 1
github.com/aethelred/zeroid-sdk-go/tee/attestation.go:168.104,170.32 2 1
github.com/aethelred/zeroid-sdk-go/tee/attestation.go:170.32,174.3 3 1
github.com/aethelred/zeroid-sdk-go/tee/attestation.go:174.8,176.3 1 1
github.com/aethelred/zeroid-sdk-go/tee/attestation.go:179.121,180.40 1 1
github.com/aethelred/zeroid-sdk-go/tee/attestation.go:180.40,184.3 3 1
github.com/aethelred/zeroid-sdk-go/tee/attestation.go:184.8,186.3 1 1
github.com/aethelred/zeroid-sdk-go/tee/attestation.go:189.125,191.31 2 1
github.com/aethelred/zeroid-sdk-go/tee/attestation.go:191.31,195.3 3 1
github.com/aethelred/zeroid-sdk-go/tee/attestation.go:195.8,197.3 1 1
github.com/aethelred/zeroid-sdk-go/tee/attestation.go:200.131,201.56 1 1
github.com/aethelred/zeroid-sdk-go/tee/attestation.go:201.56,205.3 3 1
github.com/aethelred/zeroid-sdk-go/tee/attestation.go:205.8,207.3 1 1
github.com/aethelred/zeroid-sdk-go/tee/types.go:25.35,26.11 1 1
github.com/aethelred/zeroid-sdk-go/tee/types.go:27.23,28.19 1 1
github.com/aethelred/zeroid-sdk-go/tee/types.go:29.24,30.21 1 1
github.com/aethelred/zeroid-sdk-go/tee/types.go:31.22,32.19 1 1
github.com/aethelred/zeroid-sdk-go/tee/types.go:33.28,34.25 1 1
github.com/aethelred/zeroid-sdk-go/tee/types.go:35.10,36.45 1 1
