mode: set
github.com/aethelred/zeroid-sdk-go/credential/schema.go:34.44,36.2 1 1
github.com/aethelred/zeroid-sdk-go/credential/schema.go:41.97,42.17 1 1
github.com/aethelred/zeroid-sdk-go/credential/schema.go:42.17,44.3 1 1
github.com/aethelred/zeroid-sdk-go/credential/schema.go:45.2,45.19 1 1
github.com/aethelred/zeroid-sdk-go/credential/schema.go:45.19,47.3 1 1
github.com/aethelred/zeroid-sdk-go/credential/schema.go:49.2,50.56 2 1
github.com/aethelred/zeroid-sdk-go/credential/schema.go:50.56,52.3 1 1
github.com/aethelred/zeroid-sdk-go/credential/schema.go:54.2,54.48 1 1
github.com/aethelred/zeroid-sdk-go/credential/schema.go:54.48,55.31 1 1
github.com/aethelred/zeroid-sdk-go/credential/schema.go:55.31,57.4 1 1
github.com/aethelred/zeroid-sdk-go/credential/schema.go:60.2,60.12 1 1
github.com/aethelred/zeroid-sdk-go/credential/types.go:27.43,28.11 1 1
github.com/aethelred/zeroid-sdk-go/credential/types.go:29.18,30.16 1 1
github.com/aethelred/zeroid-sdk-go/credential/types.go:31.20,32.18 1 1
github.com/aethelred/zeroid-sdk-go/credential/types.go:33.23,34.21 1 1
github.com/aethelred/zeroid-sdk-go/credential/types.go:35.21,36.19 1 1
github.com/aethelred/zeroid-sdk-go/credential/types.go:37.21,38.19 1 1
github.com/aethelred/zeroid-sdk-go/credential/types.go:39.10,40.44 1 1
github.com/aethelred/zeroid-sdk-go/credential/verifier.go:58.76,64.2 1 1
github.com/aethelred/zeroid-sdk-go/credential/verifier.go:68.53,70.2 1 1
github.com/aethelred/zeroid-sdk-go/credential/verifier.go:74.84,75.17 1 1
github.com/aethelred/zeroid-sdk-go/credential/verifier.go:75.17,77.3 1 1
github.com/aethelred/zeroid-sdk-go/credential/verifier.go:79.2,94.52 5 1
github.com/aethelred/zeroid-sdk-go/credential/verifier.go:94.52,96.3 1 1
github.com/aethelred/zeroid-sdk-go/credential/verifier.go:99.2,99.52 1 1
github.com/aethelred/zeroid-sdk-go/credential/verifier.go:99.52,101.3 1 1
github.com/aethelred/zeroid-sdk-go/credential/verifier.go:103.2,103.20 1 1
github.com/aethelred/zeroid-sdk-go/credential/verifier.go:106.88,107.21 1 1
github.com/aethelred/zeroid-sdk-go/credential/verifier.go:108.20,109.33 1 1
github.com/aethelred/zeroid-sdk-go/credential/verifier.go:110.21,113.70 3 1
github.com/aethelred/zeroid-sdk-go/credential/verifier.go:114.23,117.72 3 1
github.com/aethelred/zeroid-sdk-go/credential/verifier.go:118.21,121.70 3 1
github.com/aethelred/zeroid-sdk-go/credential/verifier.go:122.10,125.71 3 1
github.com/aethelred/zeroid-sdk-go/credential/verifier.go:129.88,130.34 1 1
github.com/aethelred/zeroid-sdk-go/credential/verifier.go:130.34,133.3 2 1
github.com/aethelred/zeroid-sdk-go/credential/verifier.go:134.2,134.40 1 1
github.com/aethelred/zeroid-sdk-go/credential/verifier.go:134.40,138.3 3 1
github.com/aethelred/zeroid-sdk-go/credential/verifier.go:138.8,140.3 1 1
github.com/aethelred/zeroid-sdk-go/credential/verifier.go:143.87,144.23 1 1
github.com/aethelred/zeroid-sdk-go/credential/verifier.go:144.23,148.3 3 1
github.com/aethelred/zeroid-sdk-go/credential/verifier.go:148.8,150.3 1 1
github.com/aethelred/zeroid-sdk-go/credential/verifier.go:153.94,155.16 2 1
github.com/aethelred/zeroid-sdk-go/credential/verifier.go:155.16,157.3 1 1
github.com/aethelred/zeroid-sdk-go/credential/verifier.go:158.2,158.15 1 1
github.com/aethelred/zeroid-sdk-go/credential/verifier.go:158.15,162.3 3 1
github.com/aethelred/zeroid-sdk-go/credential/verifier.go:162.8,164.3 1 1
github.com/aethelred/zeroid-sdk-go/credential/verifier.go:165.2,165.12 1 1
github.com/aethelred/zeroid-sdk-go/credential/verifier.go:168.94,169.25 1 1
github.com/aethelred/zeroid-sdk-go/credential/verifier.go:169.25,172.3 2 1
github.com/aethelred/zeroid-sdk-go/credential/verifier.go:173.2,174.16 2 1
github.com/aethelred/zeroid-sdk-go/credential/verifier.go:174.16,175.40 1 1
github.com/aethelred/zeroid-sdk-go/credential/verifier.go:175.40,180.4 4 1
github.com/aethelred/zeroid-sdk-go/credential/verifier.go:181.3,181.13 1 1
github.com/aethelred/zeroid-sdk-go/credential/verifier.go:183.2,184.57 2 1
github.com/aethelred/zeroid-sdk-go/credential/verifier.go:184.57,188.3 3 1
github.com/aethelred/zeroid-sdk-go/credential/verifier.go:188.8,190.3 1 1
github.com/aethelred/zeroid-sdk-go/credential/verifier.go:191.2,191.12 1 1
